<?xml version="1.0" encoding="UTF-8"?>
<!-- Generated by org.testng.reporters.JUnitXMLReporter -->
<testsuite hostname="iball-PC" ignored="0" name="TC_7: Add to cart subpanel scenario  " tests="2" failures="0" timestamp="17 Oct 2018 05:59:29 GMT" time="194.71" errors="0">
  <testcase name="AddtoCartDeleteIncreaseDecreaseProduct" time="61.908" classname="com.index.AddtoCartDeleteIncreaseDecreaseProduct_Index">
    <skipped/>
  </testcase> <!-- AddtoCartDeleteIncreaseDecreaseProduct -->
  <testcase name="AddtoCartDeleteIncreaseDecreaseProduct" time="86.036" classname="com.index.AddtoCartDeleteIncreaseDecreaseProduct_Index"/>
</testsuite> <!-- TC_7: Add to cart subpanel scenario   -->
