<?xml version="1.0" encoding="UTF-8"?>
<!-- Generated by org.testng.reporters.JUnitXMLReporter -->
<testsuite hostname="iball-PC" ignored="0" name="TC_9: My Payment Data scenarios " tests="2" failures="0" timestamp="17 Oct 2018 06:13:04 GMT" time="479.86" errors="0">
  <testcase name="MyPaymentData" time="229.185" classname="com.index.MyPaymentData_Index">
    <skipped/>
  </testcase> <!-- MyPaymentData -->
  <testcase name="MyPaymentData" time="205.823" classname="com.index.MyPaymentData_Index"/>
</testsuite> <!-- TC_9: My Payment Data scenarios  -->
