<?xml version="1.0" encoding="UTF-8"?>
<!-- Generated by org.testng.reporters.JUnitXMLReporter -->
<testsuite hostname="iball-PC" ignored="0" name="Default test" tests="1" failures="0" timestamp="15 Sep 2018 08:22:30 GMT" time="0.069" errors="0">
  <testcase name="@BeforeMethod setUp" time="0.001" classname="com.init.SeleniumInit">
    <failure type="java.net.MalformedURLException" message="For input string: &amp;quot;null&amp;quot;">
      <![CDATA[java.net.MalformedURLException: For input string: "null"at java.net.URL.<init>(URL.java:620)at java.net.URL.<init>(URL.java:483)at java.net.URL.<init>(URL.java:432)at com.init.SeleniumInit.setUp(SeleniumInit.java:151)at sun.reflect.NativeMethodAccessorImpl.invoke0(Native Method)at sun.reflect.NativeMethodAccessorImpl.invoke(NativeMethodAccessorImpl.java:57)at sun.reflect.DelegatingMethodAccessorImpl.invoke(DelegatingMethodAccessorImpl.java:43)at java.lang.reflect.Method.invoke(Method.java:483)at org.testng.internal.MethodInvocationHelper.invokeMethod(MethodInvocationHelper.java:124)at org.testng.internal.MethodInvocationHelper.invokeMethodConsideringTimeout(MethodInvocationHelper.java:59)at org.testng.internal.Invoker.invokeConfigurationMethod(Invoker.java:451)at org.testng.internal.Invoker.invokeConfigurations(Invoker.java:222)at org.testng.internal.Invoker.invokeMethod(Invoker.java:516)at org.testng.internal.Invoker.invokeTestMethod(Invoker.java:707)at org.testng.internal.Invoker.invokeTestMethods(Invoker.java:979)at org.testng.internal.TestMethodWorker.invokeTestMethods(TestMethodWorker.java:125)at org.testng.internal.TestMethodWorker.run(TestMethodWorker.java:109)at org.testng.TestRunner.privateRun(TestRunner.java:648)at org.testng.TestRunner.run(TestRunner.java:505)at org.testng.SuiteRunner.runTest(SuiteRunner.java:455)at org.testng.SuiteRunner.runSequentially(SuiteRunner.java:450)at org.testng.SuiteRunner.privateRun(SuiteRunner.java:415)at org.testng.SuiteRunner.run(SuiteRunner.java:364)at org.testng.SuiteRunnerWorker.runSuite(SuiteRunnerWorker.java:52)at org.testng.SuiteRunnerWorker.run(SuiteRunnerWorker.java:84)at org.testng.TestNG.runSuitesSequentially(TestNG.java:1187)at org.testng.TestNG.runSuitesLocally(TestNG.java:1116)at org.testng.TestNG.runSuites(TestNG.java:1028)at org.testng.TestNG.run(TestNG.java:996)at org.testng.remote.AbstractRemoteTestNG.run(AbstractRemoteTestNG.java:114)at org.testng.remote.RemoteTestNG.initAndRun(RemoteTestNG.java:251)at org.testng.remote.RemoteTestNG.main(RemoteTestNG.java:77)Caused by: java.lang.NumberFormatException: For input string: "null"at java.lang.NumberFormatException.forInputString(NumberFormatException.java:65)at java.lang.Integer.parseInt(Integer.java:580)at java.lang.Integer.parseInt(Integer.java:615)at java.net.URLStreamHandler.parseURL(URLStreamHandler.java:216)at java.net.URL.<init>(URL.java:615)... 31 more]]>
    </failure>
  </testcase> <!-- @BeforeMethod setUp -->
  <testcase name="AddtoWishlist" time="0.0" classname="com.index.AddtoWishlist_Index">
    <skipped/>
  </testcase> <!-- AddtoWishlist -->
</testsuite> <!-- Default test -->
