<?xml version="1.0" encoding="UTF-8"?>
<testng-results skipped="0" failed="0" ignored="0" total="1" passed="1">
  <reporter-output>
    <line>
      <![CDATA[<strong> <h3 style="color:#FFA500"> Test Scenario 2 : Checkout As Guest</h3> </strong>]]>
    </line>
    <line>
      <![CDATA[<strong> <h3 style="color:#FF0000"> Time and Date of Test Execution2018-10-29  19:12:17</h3> </strong>]]>
    </line>
    <line>
      <![CDATA[<strong> <h3 style="color:Blue"> Step 1 : Open URL is: https://promed-dev-scripco-refapp.accorin.us/</a></h3> </strong>]]>
    </line>
    <line>
      <![CDATA[<strong> <h3 style="color:Blue"> To Verify that Home Page is Displayed</br></h3> </strong>]]>
    </line>
    <line>
      <![CDATA[<br><strong>Step :2 Open the Application</br></strong></br>]]>
    </line>
    <line>
      <![CDATA[<strong> <h3 style="color:Blue"> Welcome Msg is Displayed ====>: WELCOME TO OUR NEW SITE</h3> </strong>]]>
    </line>
    <line>
      <![CDATA[<br></br> <Strong><font color=#008000><b> &#10004 PASS</b></font></strong>]]>
    </line>
    <line>
      <![CDATA[===>Home page is opened and Logo is Matched</br>]]>
    </line>
    <line>
      <![CDATA[<br><strong>Step :3 Mouse Over to Mobility in Home Page </br></strong></br>]]>
    </line>
    <line>
      <![CDATA[<br><strong>Step :4 Click on Geri_Chairs under Mobility </br></strong></br>]]>
    </line>
    <line>
      <![CDATA[<br><strong>Step :5 Click on Add to Cart Button </br></strong></br>]]>
    </line>
    <line>
      <![CDATA[<br><strong>Step :6 Click on My Cart Option </br></strong></br>]]>
    </line>
    <line>
      <![CDATA[<strong> <h3 style="color:Blue">  Verify that the Product which has been Selected is showing under My Cart Option</h3> </strong>]]>
    </line>
    <line>
      <![CDATA[<br><strong>Item Selected in the Page Matches Item in the Cart : Double Sided Security Bed Rails 18"X20"</strong></br>]]>
    </line>
    <line>
      <![CDATA[Converting String to Int of Original Price : 132.28]]>
    </line>
    <line>
      <![CDATA[<br><strong>=========>Converting Double to Integer<=======</strong></br>]]>
    </line>
    <line>
      <![CDATA[<br><strong>Item Selected in the Page : Double Sided Security Bed Rails 18"X20"</strong></br>]]>
    </line>
    <line>
      <![CDATA[Converting String to Int of Original Price : 132.28]]>
    </line>
    <line>
      <![CDATA[<strong> <h3 style="color:Blue"> Comparing the two Items</h3> </strong>]]>
    </line>
    <line>
      <![CDATA[<br><strong>Item Selected and Item in My Cart Matches</strong></br>]]>
    </line>
    <line>
      <![CDATA[<br></br> <Strong><font color=#008000><b> &#10004 PASS</b></font></strong>]]>
    </line>
    <line>
      <![CDATA[<strong> <h3 style="color:Blue"> Price Comparing</h3> </strong>]]>
    </line>
    <line>
      <![CDATA[<br><strong>Item Selected and Item in My Cart Price Matches</strong></br>]]>
    </line>
    <line>
      <![CDATA[<br></br> <Strong><font color=#008000><b> &#10004 PASS</b></font></strong>]]>
    </line>
    <line>
      <![CDATA[===>Product and Price Verified in My Cart</br>]]>
    </line>
    <line>
      <![CDATA[<strong> <h3 style="color:Blue"> Item Quantity Verified</h3> </strong>]]>
    </line>
    <line>
      <![CDATA[<br><strong>Total Quantity of Product is Displayed : 1</strong></br>]]>
    </line>
    <line>
      <![CDATA[<br></br> <Strong><font color=#008000><b> &#10004 PASS</b></font></strong>]]>
    </line>
    <line>
      <![CDATA[===>Product Item is Same as Selected</br>]]>
    </line>
    <line>
      <![CDATA[<br><strong>Step :7 Click on CheckOut Option under My Cart </br></strong></br>]]>
    </line>
    <line>
      <![CDATA[<strong> <h3 style="color:#FFA500"> Filling the Shipping Information of the Customer</br></h3> </strong>]]>
    </line>
    <line>
      <![CDATA[<br><strong>Step :8 Type the Shipping Address where the Customer want to Send his Order </br></br></strong></br>]]>
    </line>
    <line>
      <![CDATA[Enter Email Id of Customer====>: prashantp+2778373@accorin.com</br>]]>
    </line>
    <line>
      <![CDATA[Enter First Name of Customer====>: aa521test</br>]]>
    </line>
    <line>
      <![CDATA[Enter Last Name of Customer====>: aa521test</br>]]>
    </line>
    <line>
      <![CDATA[Enter Company Name====>: aa521testCompany</br>]]>
    </line>
    <line>
      <![CDATA[Enter Street Address====>: 360 Vetarans Parkway, Suite 115</br>]]>
    </line>
    <line>
      <![CDATA[Enter City name====>:Bolingbrook</br>]]>
    </line>
    <line>
      <![CDATA[Select the State from the Drop Down :==> Illinois </br></br>]]>
    </line>
    <line>
      <![CDATA[Enter the Pin Code of the State: 60440</br>]]>
    </line>
    <line>
      <![CDATA[Select the Country from the Drop Down :==> United States </br></br>]]>
    </line>
    <line>
      <![CDATA[<br><strong>Step :9 Address_Validation_PopUp </br></strong></br>]]>
    </line>
    <line>
      <![CDATA[Enter the Phone Number of Customer: 123456789</br>]]>
    </line>
    <line>
      <![CDATA[<strong> <h3 style="color:Blue"> Address Validation PopUp</br></br></h3> </strong>]]>
    </line>
    <line>
      <![CDATA[<br><strong>Clicked on : candidate_0</strong></br>]]>
    </line>
    <line>
      <![CDATA[<br><strong>Address Pop Up Is Displayed</strong></br>]]>
    </line>
    <line>
      <![CDATA[Click on Address Validation Pop Up Window</br></br>]]>
    </line>
    <line>
      <![CDATA[<br><strong>Step :10 Select Shipping Customer </br></strong></br>]]>
    </line>
    <line>
      <![CDATA[Click on Ground Standard under Choose a Shipping Option</br></br>]]>
    </line>
    <line>
      <![CDATA[After Filling all the detail Click on Next Button</br></br>]]>
    </line>
    <line>
      <![CDATA[<br><strong>Step :11 Go to Payment mode and Click on Credit Card radio button </br></strong></br>]]>
    </line>
    <line>
      <![CDATA[<strong> <h3 style="color:Blue"> Filling the Credit Card Details of the Customer</br></h3> </strong>]]>
    </line>
    <line>
      <![CDATA[<br><strong>Step :12 Fill the Credit Card Details and Click on Place Order </br></br></strong></br>]]>
    </line>
    <line>
      <![CDATA[Enter Credit Card Number===>4444333322221111</br>]]>
    </line>
    <line>
      <![CDATA[Enter the Expiry Date===>04 / 2020</br>]]>
    </line>
    <line>
      <![CDATA[Enter the Cvv Number===>123</br>]]>
    </line>
    <line>
      <![CDATA[<strong> <h3 style="color:Blue"> Verify that Order has been Confirmed and A message has been Displayed</h3> </strong>]]>
    </line>
    <line>
      <![CDATA[<br><strong>Confirmation Message is Displayed :YOUR ORDER HAS BEEN PLACED</strong></br>]]>
    </line>
    <line>
      <![CDATA[<br></br> <Strong><font color=#008000><b> &#10004 PASS</b></font></strong>]]>
    </line>
    <line>
      <![CDATA[<br><strong>Email Confirmation has Been Sent :An email confirmation is on its way to prashantp+2778373@accorin.com</strong></br>]]>
    </line>
    <line>
      <![CDATA[<br></br> <Strong><font color=#008000><b> &#10004 PASS</b></font></strong>]]>
    </line>
    <line>
      <![CDATA[<br><strong>Order Number is Displayed :Order #4000001313</strong></br>]]>
    </line>
    <line>
      <![CDATA[<br></br> <Strong><font color=#008000><b> &#10004 PASS</b></font></strong>]]>
    </line>
    <line>
      <![CDATA[===>Item is Placed and Shown in the Place</br>]]>
    </line>
  </reporter-output>
  <suite name="Promedxpress" duration-ms="209141" started-at="2018-10-29T13:42:00Z" finished-at="2018-10-29T13:45:30Z">
    <groups>
    </groups>
    <test name="TC_2: Checkout as guest" duration-ms="209141" started-at="2018-10-29T13:42:00Z" finished-at="2018-10-29T13:45:30Z">
      <class name="com.index.Checkout_as_Guest_Index">
        <test-method status="PASS" signature="fetchSuiteConfiguration(org.testng.ITestContext)[pri:0, instance:com.index.Checkout_as_Guest_Index@52525845]" name="fetchSuiteConfiguration" is-config="true" duration-ms="21" started-at="2018-10-29T19:12:00Z" finished-at="2018-10-29T19:12:01Z">
          <params>
            <param index="0">
              <value>
                <![CDATA[org.testng.TestRunner@180e6ac4]]>
              </value>
            </param>
          </params>
          <reporter-output>
          </reporter-output>
        </test-method> <!-- fetchSuiteConfiguration -->
        <test-method status="PASS" signature="setUp(java.lang.reflect.Method, org.testng.ITestContext)[pri:0, instance:com.index.Checkout_as_Guest_Index@52525845]" name="setUp" is-config="true" duration-ms="16372" started-at="2018-10-29T19:12:01Z" finished-at="2018-10-29T19:12:17Z">
          <params>
            <param index="0">
              <value>
                <![CDATA[public void com.index.Checkout_as_Guest_Index.Check_out_as_guest() throws java.io.UnsupportedEncodingException,java.net.URISyntaxException,java.io.IOException]]>
              </value>
            </param>
            <param index="1">
              <value>
                <![CDATA[org.testng.TestRunner@180e6ac4]]>
              </value>
            </param>
          </params>
          <reporter-output>
          </reporter-output>
        </test-method> <!-- setUp -->
        <test-method status="PASS" signature="Check_out_as_guest()[pri:1, instance:com.index.Checkout_as_Guest_Index@52525845]" name="Check_out_as_guest" duration-ms="168973" started-at="2018-10-29T19:12:17Z" finished-at="2018-10-29T19:15:06Z">
          <reporter-output>
            <line>
              <![CDATA[<strong> <h3 style="color:#FFA500"> Test Scenario 2 : Checkout As Guest</h3> </strong>]]>
            </line>
            <line>
              <![CDATA[<strong> <h3 style="color:#FF0000"> Time and Date of Test Execution2018-10-29  19:12:17</h3> </strong>]]>
            </line>
            <line>
              <![CDATA[<strong> <h3 style="color:Blue"> Step 1 : Open URL is: https://promed-dev-scripco-refapp.accorin.us/</a></h3> </strong>]]>
            </line>
            <line>
              <![CDATA[<strong> <h3 style="color:Blue"> To Verify that Home Page is Displayed</br></h3> </strong>]]>
            </line>
            <line>
              <![CDATA[<br><strong>Step :2 Open the Application</br></strong></br>]]>
            </line>
            <line>
              <![CDATA[<strong> <h3 style="color:Blue"> Welcome Msg is Displayed ====>: WELCOME TO OUR NEW SITE</h3> </strong>]]>
            </line>
            <line>
              <![CDATA[<br></br> <Strong><font color=#008000><b> &#10004 PASS</b></font></strong>]]>
            </line>
            <line>
              <![CDATA[===>Home page is opened and Logo is Matched</br>]]>
            </line>
            <line>
              <![CDATA[<br><strong>Step :3 Mouse Over to Mobility in Home Page </br></strong></br>]]>
            </line>
            <line>
              <![CDATA[<br><strong>Step :4 Click on Geri_Chairs under Mobility </br></strong></br>]]>
            </line>
            <line>
              <![CDATA[<br><strong>Step :5 Click on Add to Cart Button </br></strong></br>]]>
            </line>
            <line>
              <![CDATA[<br><strong>Step :6 Click on My Cart Option </br></strong></br>]]>
            </line>
            <line>
              <![CDATA[<strong> <h3 style="color:Blue">  Verify that the Product which has been Selected is showing under My Cart Option</h3> </strong>]]>
            </line>
            <line>
              <![CDATA[<br><strong>Item Selected in the Page Matches Item in the Cart : Double Sided Security Bed Rails 18"X20"</strong></br>]]>
            </line>
            <line>
              <![CDATA[Converting String to Int of Original Price : 132.28]]>
            </line>
            <line>
              <![CDATA[<br><strong>=========>Converting Double to Integer<=======</strong></br>]]>
            </line>
            <line>
              <![CDATA[<br><strong>Item Selected in the Page : Double Sided Security Bed Rails 18"X20"</strong></br>]]>
            </line>
            <line>
              <![CDATA[Converting String to Int of Original Price : 132.28]]>
            </line>
            <line>
              <![CDATA[<strong> <h3 style="color:Blue"> Comparing the two Items</h3> </strong>]]>
            </line>
            <line>
              <![CDATA[<br><strong>Item Selected and Item in My Cart Matches</strong></br>]]>
            </line>
            <line>
              <![CDATA[<br></br> <Strong><font color=#008000><b> &#10004 PASS</b></font></strong>]]>
            </line>
            <line>
              <![CDATA[<strong> <h3 style="color:Blue"> Price Comparing</h3> </strong>]]>
            </line>
            <line>
              <![CDATA[<br><strong>Item Selected and Item in My Cart Price Matches</strong></br>]]>
            </line>
            <line>
              <![CDATA[<br></br> <Strong><font color=#008000><b> &#10004 PASS</b></font></strong>]]>
            </line>
            <line>
              <![CDATA[===>Product and Price Verified in My Cart</br>]]>
            </line>
            <line>
              <![CDATA[<strong> <h3 style="color:Blue"> Item Quantity Verified</h3> </strong>]]>
            </line>
            <line>
              <![CDATA[<br><strong>Total Quantity of Product is Displayed : 1</strong></br>]]>
            </line>
            <line>
              <![CDATA[<br></br> <Strong><font color=#008000><b> &#10004 PASS</b></font></strong>]]>
            </line>
            <line>
              <![CDATA[===>Product Item is Same as Selected</br>]]>
            </line>
            <line>
              <![CDATA[<br><strong>Step :7 Click on CheckOut Option under My Cart </br></strong></br>]]>
            </line>
            <line>
              <![CDATA[<strong> <h3 style="color:#FFA500"> Filling the Shipping Information of the Customer</br></h3> </strong>]]>
            </line>
            <line>
              <![CDATA[<br><strong>Step :8 Type the Shipping Address where the Customer want to Send his Order </br></br></strong></br>]]>
            </line>
            <line>
              <![CDATA[Enter Email Id of Customer====>: prashantp+2778373@accorin.com</br>]]>
            </line>
            <line>
              <![CDATA[Enter First Name of Customer====>: aa521test</br>]]>
            </line>
            <line>
              <![CDATA[Enter Last Name of Customer====>: aa521test</br>]]>
            </line>
            <line>
              <![CDATA[Enter Company Name====>: aa521testCompany</br>]]>
            </line>
            <line>
              <![CDATA[Enter Street Address====>: 360 Vetarans Parkway, Suite 115</br>]]>
            </line>
            <line>
              <![CDATA[Enter City name====>:Bolingbrook</br>]]>
            </line>
            <line>
              <![CDATA[Select the State from the Drop Down :==> Illinois </br></br>]]>
            </line>
            <line>
              <![CDATA[Enter the Pin Code of the State: 60440</br>]]>
            </line>
            <line>
              <![CDATA[Select the Country from the Drop Down :==> United States </br></br>]]>
            </line>
            <line>
              <![CDATA[<br><strong>Step :9 Address_Validation_PopUp </br></strong></br>]]>
            </line>
            <line>
              <![CDATA[Enter the Phone Number of Customer: 123456789</br>]]>
            </line>
            <line>
              <![CDATA[<strong> <h3 style="color:Blue"> Address Validation PopUp</br></br></h3> </strong>]]>
            </line>
            <line>
              <![CDATA[<br><strong>Clicked on : candidate_0</strong></br>]]>
            </line>
            <line>
              <![CDATA[<br><strong>Address Pop Up Is Displayed</strong></br>]]>
            </line>
            <line>
              <![CDATA[Click on Address Validation Pop Up Window</br></br>]]>
            </line>
            <line>
              <![CDATA[<br><strong>Step :10 Select Shipping Customer </br></strong></br>]]>
            </line>
            <line>
              <![CDATA[Click on Ground Standard under Choose a Shipping Option</br></br>]]>
            </line>
            <line>
              <![CDATA[After Filling all the detail Click on Next Button</br></br>]]>
            </line>
            <line>
              <![CDATA[<br><strong>Step :11 Go to Payment mode and Click on Credit Card radio button </br></strong></br>]]>
            </line>
            <line>
              <![CDATA[<strong> <h3 style="color:Blue"> Filling the Credit Card Details of the Customer</br></h3> </strong>]]>
            </line>
            <line>
              <![CDATA[<br><strong>Step :12 Fill the Credit Card Details and Click on Place Order </br></br></strong></br>]]>
            </line>
            <line>
              <![CDATA[Enter Credit Card Number===>4444333322221111</br>]]>
            </line>
            <line>
              <![CDATA[Enter the Expiry Date===>04 / 2020</br>]]>
            </line>
            <line>
              <![CDATA[Enter the Cvv Number===>123</br>]]>
            </line>
            <line>
              <![CDATA[<strong> <h3 style="color:Blue"> Verify that Order has been Confirmed and A message has been Displayed</h3> </strong>]]>
            </line>
            <line>
              <![CDATA[<br><strong>Confirmation Message is Displayed :YOUR ORDER HAS BEEN PLACED</strong></br>]]>
            </line>
            <line>
              <![CDATA[<br></br> <Strong><font color=#008000><b> &#10004 PASS</b></font></strong>]]>
            </line>
            <line>
              <![CDATA[<br><strong>Email Confirmation has Been Sent :An email confirmation is on its way to prashantp+2778373@accorin.com</strong></br>]]>
            </line>
            <line>
              <![CDATA[<br></br> <Strong><font color=#008000><b> &#10004 PASS</b></font></strong>]]>
            </line>
            <line>
              <![CDATA[<br><strong>Order Number is Displayed :Order #4000001313</strong></br>]]>
            </line>
            <line>
              <![CDATA[<br></br> <Strong><font color=#008000><b> &#10004 PASS</b></font></strong>]]>
            </line>
            <line>
              <![CDATA[===>Item is Placed and Shown in the Place</br>]]>
            </line>
          </reporter-output>
        </test-method> <!-- Check_out_as_guest -->
        <test-method status="PASS" signature="tearDown(org.testng.ITestResult)[pri:0, instance:com.index.Checkout_as_Guest_Index@52525845]" name="tearDown" is-config="true" duration-ms="23758" started-at="2018-10-29T19:15:06Z" finished-at="2018-10-29T19:15:30Z">
          <params>
            <param index="0">
              <value>
                <![CDATA[[TestResult name=Check_out_as_guest status=SUCCESS method=Checkout_as_Guest_Index.Check_out_as_guest()[pri:1, instance:com.index.Checkout_as_Guest_Index@52525845] output=<strong> <h3 style="color:#FFA500"> Test Scenario 2 : Checkout As Guest</h3> </strong>]]]>
              </value>
            </param>
          </params>
          <reporter-output>
          </reporter-output>
        </test-method> <!-- tearDown -->
      </class> <!-- com.index.Checkout_as_Guest_Index -->
    </test> <!-- TC_2: Checkout as guest -->
  </suite> <!-- Promedxpress -->
</testng-results>
