<?xml version="1.0" encoding="UTF-8"?>
<testsuite name="TestSuite" time="537.593" tests="2" errors="0" skipped="1" failures="0">
  <properties>
[...]
</properties>
  <testcase name="ValidatePaymentMethod" classname="com.index.ValidatePaymentMethod_Index" time="0">
    <skipped/>
    <system-out><![CDATA[...
... TestNG 6.13.1 by Cédric Beust (cedric@beust.com)
...

TestData URL :: https://promed-dev-scripco-refapp.accorin.us/
Current Window Handle ID : --->>CDwindow-AC55B0E7F78529F113FF8B0BD90D1F94
Current Xml Suite is:---->Promedxpress
Test Scenario 11: Validate Payment Method[Credit Card, Paypal & Open Account]
Time and Date of Test Execution2018-10-15  12:09:33
Validate Payment Method======>Credit Card</br>
Step 1 : Open URL is: https://promed-dev-scripco-refapp.accorin.us/</a>
===============>Page URL is Open </br>
To Verify that Home Page is Displayed</br>
Step :2 Open the Application</br>
Validate Payment Method======>Paypal</br>
Step 3 : Open URL is: https://promed-dev-scripco-refapp.accorin.us/</a>
To Verify that Home Page is Displayed</br>
Step :4 Open the Application</br>
Welcome Msg is Displayed ====>: WELCOME TO OUR NEW SITE
Pass
 <Strong><font color=#008000><b> &#10004 PASS</b></font></strong>
Step :5 Click on I User Logo </br>
Step :6 Click on Create New Account </br>
Verify that without filling details and click on Create New Account a Error Message Appeared</br>
Without Entering Details and Click on Create New Account Button===>This is a required field.
Pass
 <Strong><font color=#008000><b> &#10004 PASS</b></font></strong>
Step :7 Click on I Uer Logo </br>
Step :8 Click on Create New Account </br>
Step :9 Enter the Details under Create New Account and click on create new Account </br>
Enter First Name :===> Paul
Enter Last Name :===> williams
Click on Sign Up For Newsletter Check Box
Type the graudation date===>09/11/2015
prashantp
==============
accorin.com
Type the email id ===>prashantp+8908280@accorin.com</br>
Type the password ===>baps@200
Type the same password under confirm password ===>baps@200
After filling all the details click on Create A Account
Show the Confirmation Message after Formed is Filled</br>
Confirmation Message is Displayed===>Thank you for registering with ProMed Xpress Products.</br>
Pass
 <Strong><font color=#008000><b> &#10004 PASS</b></font></strong>
User Name Shoud Display===>Welcome, Paul!
Pass
 <Strong><font color=#008000><b> &#10004 PASS</b></font></strong>
Step :10 Click on I Uer Logo </br>
Step :11 Click on Logout option </br>
Step :12 Mouse Over to Mobility in Home Page </br>
Step :13 Click on Geri_Chairs under Mobility </br>
Step :14 Click on Add to Cart Button </br>
Step :15 Click on My Cart Option </br>
 Verify that the Product which has been Selected is showing under My Cart Option
Item Selected in the Page Matches Item in the Cart : Double Sided Security Bed Rails 18"X20"

=========>Converting Double to Integer<=======
=========>Converting Double to Integer<=======
Item Selected in the Page : Double Sided Security Bed Rails 18"X20"

=========>Converting Double to Integer<=======
Comparing the two Items
Item Selected and Item in My Cart Matches
Pass
 <Strong><font color=#008000><b> &#10004 PASS</b></font></strong>
Price Comparing
Item Selected and Item in My Cart Price Matches
Pass
 <Strong><font color=#008000><b> &#10004 PASS</b></font></strong>
Item Quantity Verified
Total Quantity of Product is Displayed : 1
Pass
 <Strong><font color=#008000><b> &#10004 PASS</b></font></strong>
Step :16 Click on CheckOut Option under My Cart</br>
Filling the Shipping Information of the Customer</br>
Step :17 Type the Shipping Address where the Customer want to Send his Order </br>
Step :18 Address_Validation_PopUp </br>
Address Validation PopUp</br>
Clicked on : origin_address
Click on Continue Button
Address Pop Up Is Displayed
Step :19 Select Shipping Customer </br>
Select the PayPal Payment Mode and Enter Valid Credentials</br>
Step :20 Select Valid Credentials in PayPal </br>
Retrying test Execution: ValidatePaymentMethod with status FAILURE for the 1 time(s).
]]></system-out>
    <system-err><![CDATA[Oct 15, 2018 12:09:12 PM org.openqa.selenium.remote.DesiredCapabilities chrome
INFO: Using `new ChromeOptions()` is preferred to `DesiredCapabilities.chrome()`
Oct 15, 2018 12:09:15 PM org.openqa.selenium.remote.ProtocolHandshake createSession
INFO: Detected dialect: OSS
Time and Date of Test Execution2018-10-15  12:09:33
Welcome Msg is Displayed ====>: WELCOME TO OUR NEW SITE
Without Entering Details and Click on Create New Account Button===>This is a required field.
Enter First Name :===> Paul
Enter Last Name :===> williams
Click on Sign Up For Newsletter Check Box
Type the graudation date===>09/11/2015
Type the email id ===>prashantp+8908280@accorin.com
Type the password ===>baps@200
Type the same password under confirm password ===>baps@200
After filling all the details click on Create A Account
Confirmation Message is Displayed===>Thank you for registering with ProMed Xpress Products.
User Name Shoud Display===>Welcome, Paul!
Item Selected in the Page Matches Item in the Cart : Double Sided Security Bed Rails 18"X20"
Converting String to Int of Original Price : 132.28
Change in Price :132.28
Item Selected in the Page : Double Sided Security Bed Rails 18"X20"
Converting String to Int of Original Price : 132.28
Change in Price :132.28
Item Selected and Item in My Cart Matches
Item Selected and Item in My Cart Price Matches
Total Quantity of Product is Displayed : 1
Enter Email Id of Customer: prashantp+8908280@accorin.com
Enter Email Id of Customer: baps@200
Click on Login Button After entering email id and password
Enter Company Name: testCompany
Enter Street Address: 360 Vetarans Parkway, Suite 115
Enter City name: Bolingbrook
Select the State from the Drop Down :==> Illinois
Enter the Pin Code of the State : 60440
Select the Country from the Drop Down :==> United States
Enter the Phone Number of Customer : 123456789
Address Validation PopUp
Address Pop Up Is Displayed
Click on Address Validation Pop Up Window
Click on Ground Standard under Choose a Shipping Option
After Filling all the detail Click on Next Button
Click on Pay Pal Radio Button
Click on continue to paypal option
--------------------------------------------------CDwindow-AC55B0E7F78529F113FF8B0BD90D1F94---------------------------------------------
----CDwindow-AC55B0E7F78529F113FF8B0BD90D1F94-----
----CDwindow-5B13EB85BBBFF9DDA1D5A023F3028070-----
Login Button Found And Clicked
Enter the Valid Paypal email id===> 31julymm@mailinator.com</br>
Enter the Valid Paypal Password===>Baps@123</br>
After entering Valid Email ID and Password Click on Login Button
Click on Continue Button
]]></system-err>
  </testcase>
  <testcase name="ValidatePaymentMethod" classname="com.index.ValidatePaymentMethod_Index" time="537.593"/>
</testsuite>