<?xml version="1.0" encoding="UTF-8"?>
<testng-results skipped="1" failed="1" ignored="0" total="2" passed="0">
  <reporter-output>
    <line>
      <![CDATA[<strong> <h3 style="color:#FFA500"> Test Scenario 11: Validate Payment Method[Credit Card, Paypal & Open Account]</h3> </strong>]]>
    </line>
    <line>
      <![CDATA[<strong> <h3 style="color:#FF0000"> Time and Date of Test Execution2018-10-22  17:38:39</h3> </strong>]]>
    </line>
    <line>
      <![CDATA[<strong> <h3 style="color:#FF0000"> Validate Payment Method======>Paypal</br></h3> </strong>]]>
    </line>
    <line>
      <![CDATA[<strong> <h3 style="color:Blue"> Step 1 : Open URL is: https://promed-dev-scripco-refapp.accorin.us/</a></h3> </strong>]]>
    </line>
    <line>
      <![CDATA[<strong> <h3 style="color:Blue"> To Verify that Home Page is Displayed</br></h3> </strong>]]>
    </line>
    <line>
      <![CDATA[<br><strong>Step :2 Open the Application</br></strong></br>]]>
    </line>
    <line>
      <![CDATA[<strong> <h3 style="color:Blue"> Welcome Msg is Displayed ====>: WELCOME TO OUR NEW SITE</h3> </strong>]]>
    </line>
    <line>
      <![CDATA[<br></br> <Strong><font color=#008000><b> &#10004 PASS</b></font></strong>]]>
    </line>
    <line>
      <![CDATA[===>Home page is opened and Logo is Matched</br>]]>
    </line>
    <line>
      <![CDATA[<br><strong>Step :3 Click on I User Logo </br></strong></br>]]>
    </line>
    <line>
      <![CDATA[<br><strong>Step :4 Click on Create New Account </br></strong></br>]]>
    </line>
    <line>
      <![CDATA[<strong> <h3 style="color:Blue"> Verify that without filling details and click on Create New Account a Error Message Appeared</br></h3> </strong>]]>
    </line>
    <line>
      <![CDATA[<br><strong>Without Entering Details and Click on Create New Account Button===>This is a required field.</strong></br>]]>
    </line>
    <line>
      <![CDATA[<br></br> <Strong><font color=#008000><b> &#10004 PASS</b></font></strong>]]>
    </line>
    <line>
      <![CDATA[===>User Cannot Create a Account without entering a Details</br>]]>
    </line>
    <line>
      <![CDATA[<br><strong>Step :5 Click on I Uer Logo </br></strong></br>]]>
    </line>
    <line>
      <![CDATA[<br><strong>Step :6 Click on Create New Account </br></strong></br>]]>
    </line>
    <line>
      <![CDATA[<br><strong>Step :7 Enter the Details under Create New Account and click on create new Account </br></strong></br>]]>
    </line>
    <line>
      <![CDATA[<br><strong>Enter First Name :===> Paul</strong></br>]]>
    </line>
    <line>
      <![CDATA[<br><strong>Enter Last Name :===> williams</strong></br>]]>
    </line>
    <line>
      <![CDATA[<br><strong>Click on Sign Up For Newsletter Check Box</strong></br>]]>
    </line>
    <line>
      <![CDATA[<br><strong>Type the graudation date===>09/11/2015</strong></br>]]>
    </line>
    <line>
      <![CDATA[<br><strong>Type the email id ===>prashantp+9333820@accorin.com</br></strong></br>]]>
    </line>
    <line>
      <![CDATA[<br><strong>Type the password ===>baps@200</strong></br>]]>
    </line>
    <line>
      <![CDATA[<br><strong>Type the same password under confirm password ===>baps@200</strong></br>]]>
    </line>
    <line>
      <![CDATA[<br><strong>After filling all the details click on Create A Account</strong></br>]]>
    </line>
    <line>
      <![CDATA[<strong> <h3 style="color:Blue"> Show the Confirmation Message after Formed is Filled</br></h3> </strong>]]>
    </line>
    <line>
      <![CDATA[<br><strong>Confirmation Message is Displayed===>Thank you for registering with ProMed Xpress Products.</br></strong></br>]]>
    </line>
    <line>
      <![CDATA[<br></br> <Strong><font color=#008000><b> &#10004 PASS</b></font></strong>]]>
    </line>
    <line>
      <![CDATA[===>Confirmation Message is Displayed</br>]]>
    </line>
    <line>
      <![CDATA[<br><strong>User Name Shoud Display===>Welcome, Paul!</strong></br>]]>
    </line>
    <line>
      <![CDATA[<br></br> <Strong><font color=#008000><b> &#10004 PASS</b></font></strong>]]>
    </line>
    <line>
      <![CDATA[===>User Home Page is Appeared with the Welcome Message</br>]]>
    </line>
    <line>
      <![CDATA[<br><strong>Step :8 Click on I Uer Logo </br></strong></br>]]>
    </line>
    <line>
      <![CDATA[<br><strong>Step :9 Click on Logout option </br></strong></br>]]>
    </line>
    <line>
      <![CDATA[<br><strong>Step :10 Mouse Over to Mobility in Home Page </br></strong></br>]]>
    </line>
    <line>
      <![CDATA[<br><strong>Step :11 Click on Geri_Chairs under Mobility </br></strong></br>]]>
    </line>
    <line>
      <![CDATA[<br><strong>Step :12 Click on Add to Cart Button </br></strong></br>]]>
    </line>
    <line>
      <![CDATA[<br><strong>Step :13 Click on My Cart Option </br></strong></br>]]>
    </line>
    <line>
      <![CDATA[<strong> <h3 style="color:Blue">  Verify that the Product which has been Selected is showing under My Cart Option</h3> </strong>]]>
    </line>
    <line>
      <![CDATA[<br><strong>Item Selected in the Page Matches Item in the Cart : Double Sided Security Bed Rails 18"X20"</strong></br>]]>
    </line>
    <line>
      <![CDATA[Converting String to Int of Original Price : 132.28]]>
    </line>
    <line>
      <![CDATA[<br><strong>=========>Converting Double to Integer<=======</strong></br>]]>
    </line>
    <line>
      <![CDATA[<br><strong>Item Selected in the Page : Double Sided Security Bed Rails 18"X20"</strong></br>]]>
    </line>
    <line>
      <![CDATA[Converting String to Int of Original Price : 132.28]]>
    </line>
    <line>
      <![CDATA[<strong> <h3 style="color:Blue"> Comparing the two Items</h3> </strong>]]>
    </line>
    <line>
      <![CDATA[<br><strong>Item Selected and Item in My Cart Matches</strong></br>]]>
    </line>
    <line>
      <![CDATA[<br></br> <Strong><font color=#008000><b> &#10004 PASS</b></font></strong>]]>
    </line>
    <line>
      <![CDATA[<strong> <h3 style="color:Blue"> Price Comparing</h3> </strong>]]>
    </line>
    <line>
      <![CDATA[<br><strong>Item Selected and Item in My Cart Price Matches</strong></br>]]>
    </line>
    <line>
      <![CDATA[<br></br> <Strong><font color=#008000><b> &#10004 PASS</b></font></strong>]]>
    </line>
    <line>
      <![CDATA[===>Product and Price Verified in My Cart</br>]]>
    </line>
    <line>
      <![CDATA[<strong> <h3 style="color:Blue"> Item Quantity Verified</h3> </strong>]]>
    </line>
    <line>
      <![CDATA[<br><strong>Total Quantity of Product is Displayed : 1</strong></br>]]>
    </line>
    <line>
      <![CDATA[<br></br> <Strong><font color=#008000><b> &#10004 PASS</b></font></strong>]]>
    </line>
    <line>
      <![CDATA[===>Product Item is Same as Selected</br>]]>
    </line>
    <line>
      <![CDATA[<br><strong>Step :14 Click on CheckOut Option under My Cart</br></strong></br>]]>
    </line>
    <line>
      <![CDATA[<strong> <h3 style="color:#FFA500"> Filling the Shipping Information of the Customer</br></h3> </strong>]]>
    </line>
    <line>
      <![CDATA[<br><strong>Step :15 Type the Shipping Address where the Customer want to Send his Order </br></strong></br>]]>
    </line>
    <line>
      <![CDATA[Enter Email Id of Customer====>: prashantp+9333820@accorin.com</br>]]>
    </line>
    <line>
      <![CDATA[Enter Email Id of Customer====>: baps@200</br>]]>
    </line>
    <line>
      <![CDATA[Click on Login Button After entering email id and password</br>]]>
    </line>
    <line>
      <![CDATA[Enter Company Name====>: testCompany</br>]]>
    </line>
    <line>
      <![CDATA[Enter Street Address====>: 360 Vetarans Parkway, Suite 115</br>]]>
    </line>
    <line>
      <![CDATA[Enter City name====>:Bolingbrook</br>]]>
    </line>
    <line>
      <![CDATA[Select the State from the Drop Down :==> Illinois </br>]]>
    </line>
    <line>
      <![CDATA[Enter the Pin Code of the State: 60440</br>]]>
    </line>
    <line>
      <![CDATA[Select the Country from the Drop Down :==> United States </br>]]>
    </line>
    <line>
      <![CDATA[<br><strong>Step :16 Address_Validation_PopUp </br></strong></br>]]>
    </line>
    <line>
      <![CDATA[Enter the Phone Number of Customer: 123456789</br>]]>
    </line>
    <line>
      <![CDATA[<strong> <h3 style="color:Blue"> Address Validation PopUp</br></h3> </strong>]]>
    </line>
    <line>
      <![CDATA[<br><strong>Clicked on : origin_address</strong></br>]]>
    </line>
    <line>
      <![CDATA[<br><strong>Click on Continue Button</strong></br>]]>
    </line>
    <line>
      <![CDATA[<br><strong>Address Pop Up Is Displayed</strong></br>]]>
    </line>
    <line>
      <![CDATA[Click on Address Validation Pop Up Window</br>]]>
    </line>
    <line>
      <![CDATA[<br><strong>Step :17 Select Shipping Customer </br></strong></br>]]>
    </line>
    <line>
      <![CDATA[Click on Ground Standard under Choose a Shipping Option</br></br>]]>
    </line>
    <line>
      <![CDATA[After Filling all the detail Click on Next Button</br></br>]]>
    </line>
    <line>
      <![CDATA[<strong> <h3 style="color:#FF0000"> Select the PayPal Payment Mode and Enter Valid Credentials</br></h3> </strong>]]>
    </line>
    <line>
      <![CDATA[<br><strong>Step :18 Select Valid Credentials in PayPal </br></strong></br>]]>
    </line>
    <line>
      <![CDATA[Click on Pay Pal Radio Button</br>]]>
    </line>
    <line>
      <![CDATA[Click on continue to paypal option</br>]]>
    </line>
    <line>
      <![CDATA[Login Button Found And Clicked]]>
    </line>
    <line>
      <![CDATA[Enter the Valid Paypal email id===> 31julymm@mailinator.com</br>]]>
    </line>
    <line>
      <![CDATA[Enter the Valid Paypal Password===>Baps@123</br>]]>
    </line>
    <line>
      <![CDATA[After entering Valid Email ID and Password Click on Login Button]]>
    </line>
    <line>
      <![CDATA[Click on Continue Button]]>
    </line>
    <line>
      <![CDATA[<br><strong>Show the Payment Method===>PayPal Express Checkout</strong></br>]]>
    </line>
    <line>
      <![CDATA[===>Item is Placed and Payment is made through PayPal</br>]]>
    </line>
    <line>
      <![CDATA[<strong> <h3 style="color:Blue"> Verify that Order has been Confirmed and A message has been Displayed</h3> </strong>]]>
    </line>
    <line>
      <![CDATA[<br><strong>Confirmation Message is Displayed :YOUR ORDER HAS BEEN PLACED</strong></br>]]>
    </line>
    <line>
      <![CDATA[<br></br> <Strong><font color=#008000><b> &#10004 PASS</b></font></strong>]]>
    </line>
    <line>
      <![CDATA[<br><strong>Email Confirmation has Been Sent :An email confirmation is on its way to prashantp+9333820@accorin.com</strong></br>]]>
    </line>
    <line>
      <![CDATA[<br></br> <Strong><font color=#008000><b> &#10004 PASS</b></font></strong>]]>
    </line>
    <line>
      <![CDATA[<br><strong>Order Number is Displayed :Order #4000001304</strong></br>]]>
    </line>
    <line>
      <![CDATA[<br></br> <Strong><font color=#008000><b> &#10004 PASS</b></font></strong>]]>
    </line>
    <line>
      <![CDATA[===>Item is Placed and Shown in the Place</br>]]>
    </line>
    <line>
      <![CDATA[<strong> <h3 style="color:#FFA500"> Open Account Payment Method</h3> </strong>]]>
    </line>
    <line>
      <![CDATA[<strong> <h3 style="color:Blue"> Step 19 : Open URL is: https://promed-dev-scripco-refapp.accorin.us/</a></h3> </strong>]]>
    </line>
    <line>
      <![CDATA[<br><strong>To Verify that Home Page is Displayed</br></strong></br>]]>
    </line>
    <line>
      <![CDATA[<br><strong>Step :20 Open the Application</br></strong></br>]]>
    </line>
    <line>
      <![CDATA[<strong> <h3 style="color:Blue"> Welcome Msg is Displayed ====>: WELCOME TO OUR NEW SITE</h3> </strong>]]>
    </line>
    <line>
      <![CDATA[<br></br> <Strong><font color=#008000><b> &#10004 PASS</b></font></strong>]]>
    </line>
    <line>
      <![CDATA[===>Home page is opened and Logo is Matched</br>]]>
    </line>
    <line>
      <![CDATA[<br><strong>Step :21 Click on I User Logo </br></strong></br>]]>
    </line>
    <line>
      <![CDATA[<br><strong>Step :22 Click on Logout option </br></strong></br>]]>
    </line>
    <line>
      <![CDATA[<br><strong>Step :23 Click on I User Logo </br></strong></br>]]>
    </line>
    <line>
      <![CDATA[<br><strong>Step :24 Click on Login button under I user Icon</br></strong></br>]]>
    </line>
    <line>
      <![CDATA[<strong> <h3 style="color:#FFA500"> Open Account Validation</h3> </strong>]]>
    </line>
    <line>
      <![CDATA[User should be redirected to Login Page and asked for Username and Password]]>
    </line>
    <line>
      <![CDATA[<br><strong>Step :25 User will be redirected to customer Login page</br></strong></br>]]>
    </line>
    <line>
      <![CDATA[Enter the UserName=====>prashantp@accorin.com</br>]]>
    </line>
    <line>
      <![CDATA[Enter the Password=====>baps@200</br>]]>
    </line>
    <line>
      <![CDATA[Click on Sign In Button]]>
    </line>
    <line>
      <![CDATA[<br><strong>Step :26 Click on Pro Med Express Logo</br></strong></br>]]>
    </line>
    <line>
      <![CDATA[<br><strong>Step :27 Mouse Over to Mobility in Home Page </br></br></strong></br>]]>
    </line>
    <line>
      <![CDATA[<strong> <h3 style="color:#FFA500"> Credit Card Validation</h3> </strong>]]>
    </line>
    <line>
      <![CDATA[<br><strong>Step :28 Click on Positioning under Orthopedic </br></strong></br>]]>
    </line>
    <line>
      <![CDATA[<br><strong>===============>Orthopedic option will Appear under Positioning</br></strong></br>]]>
    </line>
    <line>
      <![CDATA[<br><strong>Step :29 Click on Add to Cart Button </br></strong></br>]]>
    </line>
    <line>
      <![CDATA[<br><strong>===============>Product will be added to cart</br></strong></br>]]>
    </line>
    <line>
      <![CDATA[Product Selected====>Add to Cart</br>]]>
    </line>
    <line>
      <![CDATA[<br><strong>Step :30 Click on My Cart Option </br></strong></br>]]>
    </line>
    <line>
      <![CDATA[<br><strong>===============>User should see the Product Under My Cart</br></strong></br>]]>
    </line>
    <line>
      <![CDATA[<br><strong>Step :31 Click on CheckOut Option under My Cart </br></strong></br>]]>
    </line>
    <line>
      <![CDATA[<br><strong>===============>User should be Redirected to Shipping Address Page</br></strong></br>]]>
    </line>
    <line>
      <![CDATA[<br><strong>Step :32 Select Shipping Customer </br></strong></br>]]>
    </line>
    <line>
      <![CDATA[<br><strong>===============>User should Select the Shipping Customer</br></strong></br>]]>
    </line>
    <line>
      <![CDATA[<br> <b>Please look to the screenshot - </b>]]>
    </line>
    <line>
      <![CDATA[<br><Strong><font color=#FF0000>--Failed</font></strong>]]>
    </line>
    <line>
      <![CDATA[<a href='../test-output/screenshots/1022174705378ValidatePaymentMethod.png' target='_new'>1022174705378ValidatePaymentMethod.png</a>]]>
    </line>
    <line>
      <![CDATA[<strong> <h3 style="color:#FFA500"> Test Scenario 11: Validate Payment Method[Credit Card, Paypal & Open Account]</h3> </strong>]]>
    </line>
    <line>
      <![CDATA[<strong> <h3 style="color:#FF0000"> Time and Date of Test Execution2018-10-22  17:47:28</h3> </strong>]]>
    </line>
    <line>
      <![CDATA[<strong> <h3 style="color:#FF0000"> Validate Payment Method======>Paypal</br></h3> </strong>]]>
    </line>
    <line>
      <![CDATA[<strong> <h3 style="color:Blue"> Step 1 : Open URL is: https://promed-dev-scripco-refapp.accorin.us/</a></h3> </strong>]]>
    </line>
    <line>
      <![CDATA[<strong> <h3 style="color:Blue"> To Verify that Home Page is Displayed</br></h3> </strong>]]>
    </line>
    <line>
      <![CDATA[<br><strong>Step :2 Open the Application</br></strong></br>]]>
    </line>
    <line>
      <![CDATA[<strong> <h3 style="color:Blue"> Welcome Msg is Displayed ====>: WELCOME TO OUR NEW SITE</h3> </strong>]]>
    </line>
    <line>
      <![CDATA[<br></br> <Strong><font color=#008000><b> &#10004 PASS</b></font></strong>]]>
    </line>
    <line>
      <![CDATA[===>Home page is opened and Logo is Matched</br>]]>
    </line>
    <line>
      <![CDATA[<br><strong>Step :3 Click on I User Logo </br></strong></br>]]>
    </line>
    <line>
      <![CDATA[<br><strong>Step :4 Click on Create New Account </br></strong></br>]]>
    </line>
    <line>
      <![CDATA[<strong> <h3 style="color:Blue"> Verify that without filling details and click on Create New Account a Error Message Appeared</br></h3> </strong>]]>
    </line>
    <line>
      <![CDATA[<br><strong>Without Entering Details and Click on Create New Account Button===>This is a required field.</strong></br>]]>
    </line>
    <line>
      <![CDATA[<br></br> <Strong><font color=#008000><b> &#10004 PASS</b></font></strong>]]>
    </line>
    <line>
      <![CDATA[===>User Cannot Create a Account without entering a Details</br>]]>
    </line>
    <line>
      <![CDATA[<br><strong>Step :5 Click on I Uer Logo </br></strong></br>]]>
    </line>
    <line>
      <![CDATA[<br><strong>Step :6 Click on Create New Account </br></strong></br>]]>
    </line>
    <line>
      <![CDATA[<br><strong>Step :7 Enter the Details under Create New Account and click on create new Account </br></strong></br>]]>
    </line>
    <line>
      <![CDATA[<br><strong>Enter First Name :===> Paul</strong></br>]]>
    </line>
    <line>
      <![CDATA[<br><strong>Enter Last Name :===> williams</strong></br>]]>
    </line>
    <line>
      <![CDATA[<br><strong>Click on Sign Up For Newsletter Check Box</strong></br>]]>
    </line>
    <line>
      <![CDATA[<br><strong>Type the graudation date===>09/11/2015</strong></br>]]>
    </line>
    <line>
      <![CDATA[<br><strong>Type the email id ===>prashantp+9437744@accorin.com</br></strong></br>]]>
    </line>
    <line>
      <![CDATA[<br><strong>Type the password ===>baps@200</strong></br>]]>
    </line>
    <line>
      <![CDATA[<br><strong>Type the same password under confirm password ===>baps@200</strong></br>]]>
    </line>
    <line>
      <![CDATA[<br><strong>After filling all the details click on Create A Account</strong></br>]]>
    </line>
    <line>
      <![CDATA[<strong> <h3 style="color:Blue"> Show the Confirmation Message after Formed is Filled</br></h3> </strong>]]>
    </line>
    <line>
      <![CDATA[<br><strong>Confirmation Message is Displayed===>Thank you for registering with ProMed Xpress Products.</br></strong></br>]]>
    </line>
    <line>
      <![CDATA[<br></br> <Strong><font color=#008000><b> &#10004 PASS</b></font></strong>]]>
    </line>
    <line>
      <![CDATA[===>Confirmation Message is Displayed</br>]]>
    </line>
    <line>
      <![CDATA[<br><strong>User Name Shoud Display===>Welcome, Paul!</strong></br>]]>
    </line>
    <line>
      <![CDATA[<br></br> <Strong><font color=#008000><b> &#10004 PASS</b></font></strong>]]>
    </line>
    <line>
      <![CDATA[===>User Home Page is Appeared with the Welcome Message</br>]]>
    </line>
    <line>
      <![CDATA[<br><strong>Step :8 Click on I Uer Logo </br></strong></br>]]>
    </line>
    <line>
      <![CDATA[<br><strong>Step :9 Click on Logout option </br></strong></br>]]>
    </line>
    <line>
      <![CDATA[<br><strong>Step :10 Mouse Over to Mobility in Home Page </br></strong></br>]]>
    </line>
    <line>
      <![CDATA[<br><strong>Step :11 Click on Geri_Chairs under Mobility </br></strong></br>]]>
    </line>
    <line>
      <![CDATA[<br><strong>Step :12 Click on Add to Cart Button </br></strong></br>]]>
    </line>
    <line>
      <![CDATA[<br><strong>Step :13 Click on My Cart Option </br></strong></br>]]>
    </line>
    <line>
      <![CDATA[<strong> <h3 style="color:Blue">  Verify that the Product which has been Selected is showing under My Cart Option</h3> </strong>]]>
    </line>
    <line>
      <![CDATA[<br><strong>Item Selected in the Page Matches Item in the Cart : Double Sided Security Bed Rails 18"X20"</strong></br>]]>
    </line>
    <line>
      <![CDATA[Converting String to Int of Original Price : 132.28]]>
    </line>
    <line>
      <![CDATA[<br><strong>=========>Converting Double to Integer<=======</strong></br>]]>
    </line>
    <line>
      <![CDATA[<br><strong>Item Selected in the Page : Double Sided Security Bed Rails 18"X20"</strong></br>]]>
    </line>
    <line>
      <![CDATA[Converting String to Int of Original Price : 132.28]]>
    </line>
    <line>
      <![CDATA[<strong> <h3 style="color:Blue"> Comparing the two Items</h3> </strong>]]>
    </line>
    <line>
      <![CDATA[<br><strong>Item Selected and Item in My Cart Matches</strong></br>]]>
    </line>
    <line>
      <![CDATA[<br></br> <Strong><font color=#008000><b> &#10004 PASS</b></font></strong>]]>
    </line>
    <line>
      <![CDATA[<strong> <h3 style="color:Blue"> Price Comparing</h3> </strong>]]>
    </line>
    <line>
      <![CDATA[<br><strong>Item Selected and Item in My Cart Price Matches</strong></br>]]>
    </line>
    <line>
      <![CDATA[<br></br> <Strong><font color=#008000><b> &#10004 PASS</b></font></strong>]]>
    </line>
    <line>
      <![CDATA[===>Product and Price Verified in My Cart</br>]]>
    </line>
    <line>
      <![CDATA[<strong> <h3 style="color:Blue"> Item Quantity Verified</h3> </strong>]]>
    </line>
    <line>
      <![CDATA[<br><strong>Total Quantity of Product is Displayed : 1</strong></br>]]>
    </line>
    <line>
      <![CDATA[<br></br> <Strong><font color=#008000><b> &#10004 PASS</b></font></strong>]]>
    </line>
    <line>
      <![CDATA[===>Product Item is Same as Selected</br>]]>
    </line>
    <line>
      <![CDATA[<br><strong>Step :14 Click on CheckOut Option under My Cart</br></strong></br>]]>
    </line>
    <line>
      <![CDATA[<strong> <h3 style="color:#FFA500"> Filling the Shipping Information of the Customer</br></h3> </strong>]]>
    </line>
    <line>
      <![CDATA[<br><strong>Step :15 Type the Shipping Address where the Customer want to Send his Order </br></strong></br>]]>
    </line>
    <line>
      <![CDATA[Enter Email Id of Customer====>: prashantp+9437744@accorin.com</br>]]>
    </line>
    <line>
      <![CDATA[Enter Email Id of Customer====>: baps@200</br>]]>
    </line>
    <line>
      <![CDATA[Click on Login Button After entering email id and password</br>]]>
    </line>
    <line>
      <![CDATA[Enter Company Name====>: testCompany</br>]]>
    </line>
    <line>
      <![CDATA[Enter Street Address====>: 360 Vetarans Parkway, Suite 115</br>]]>
    </line>
    <line>
      <![CDATA[Enter City name====>:Bolingbrook</br>]]>
    </line>
    <line>
      <![CDATA[Select the State from the Drop Down :==> Illinois </br>]]>
    </line>
    <line>
      <![CDATA[Enter the Pin Code of the State: 60440</br>]]>
    </line>
    <line>
      <![CDATA[Select the Country from the Drop Down :==> United States </br>]]>
    </line>
    <line>
      <![CDATA[<br><strong>Step :16 Address_Validation_PopUp </br></strong></br>]]>
    </line>
    <line>
      <![CDATA[Enter the Phone Number of Customer: 123456789</br>]]>
    </line>
    <line>
      <![CDATA[<strong> <h3 style="color:Blue"> Address Validation PopUp</br></h3> </strong>]]>
    </line>
    <line>
      <![CDATA[<br><strong>Clicked on : origin_address</strong></br>]]>
    </line>
    <line>
      <![CDATA[<br><strong>Click on Continue Button</strong></br>]]>
    </line>
    <line>
      <![CDATA[<br><strong>Address Pop Up Is Displayed</strong></br>]]>
    </line>
    <line>
      <![CDATA[Click on Address Validation Pop Up Window</br>]]>
    </line>
    <line>
      <![CDATA[<br><strong>Step :17 Select Shipping Customer </br></strong></br>]]>
    </line>
    <line>
      <![CDATA[Click on Ground Standard under Choose a Shipping Option</br></br>]]>
    </line>
    <line>
      <![CDATA[After Filling all the detail Click on Next Button</br></br>]]>
    </line>
    <line>
      <![CDATA[<strong> <h3 style="color:#FF0000"> Select the PayPal Payment Mode and Enter Valid Credentials</br></h3> </strong>]]>
    </line>
    <line>
      <![CDATA[<br><strong>Step :18 Select Valid Credentials in PayPal </br></strong></br>]]>
    </line>
    <line>
      <![CDATA[Click on Pay Pal Radio Button</br>]]>
    </line>
    <line>
      <![CDATA[Click on continue to paypal option</br>]]>
    </line>
    <line>
      <![CDATA[Login Button Found And Clicked]]>
    </line>
    <line>
      <![CDATA[Enter the Valid Paypal email id===> 31julymm@mailinator.com</br>]]>
    </line>
    <line>
      <![CDATA[Enter the Valid Paypal Password===>Baps@123</br>]]>
    </line>
    <line>
      <![CDATA[After entering Valid Email ID and Password Click on Login Button]]>
    </line>
    <line>
      <![CDATA[Click on Continue Button]]>
    </line>
    <line>
      <![CDATA[<br><strong>Show the Payment Method===>PayPal Express Checkout</strong></br>]]>
    </line>
    <line>
      <![CDATA[===>Item is Placed and Payment is made through PayPal</br>]]>
    </line>
    <line>
      <![CDATA[<strong> <h3 style="color:Blue"> Verify that Order has been Confirmed and A message has been Displayed</h3> </strong>]]>
    </line>
    <line>
      <![CDATA[<br><strong>Confirmation Message is Displayed :YOUR ORDER HAS BEEN PLACED</strong></br>]]>
    </line>
    <line>
      <![CDATA[<br></br> <Strong><font color=#008000><b> &#10004 PASS</b></font></strong>]]>
    </line>
    <line>
      <![CDATA[<br><strong>Email Confirmation has Been Sent :An email confirmation is on its way to prashantp+9437744@accorin.com</strong></br>]]>
    </line>
    <line>
      <![CDATA[<br></br> <Strong><font color=#008000><b> &#10004 PASS</b></font></strong>]]>
    </line>
    <line>
      <![CDATA[<br><strong>Order Number is Displayed :Order #4000001305</strong></br>]]>
    </line>
    <line>
      <![CDATA[<br></br> <Strong><font color=#008000><b> &#10004 PASS</b></font></strong>]]>
    </line>
    <line>
      <![CDATA[===>Item is Placed and Shown in the Place</br>]]>
    </line>
    <line>
      <![CDATA[<strong> <h3 style="color:#FFA500"> Open Account Payment Method</h3> </strong>]]>
    </line>
    <line>
      <![CDATA[<strong> <h3 style="color:Blue"> Step 19 : Open URL is: https://promed-dev-scripco-refapp.accorin.us/</a></h3> </strong>]]>
    </line>
    <line>
      <![CDATA[<br><strong>To Verify that Home Page is Displayed</br></strong></br>]]>
    </line>
    <line>
      <![CDATA[<br><strong>Step :20 Open the Application</br></strong></br>]]>
    </line>
    <line>
      <![CDATA[<strong> <h3 style="color:Blue"> Welcome Msg is Displayed ====>: WELCOME TO OUR NEW SITE</h3> </strong>]]>
    </line>
    <line>
      <![CDATA[<br></br> <Strong><font color=#008000><b> &#10004 PASS</b></font></strong>]]>
    </line>
    <line>
      <![CDATA[===>Home page is opened and Logo is Matched</br>]]>
    </line>
    <line>
      <![CDATA[<br><strong>Step :21 Click on I User Logo </br></strong></br>]]>
    </line>
    <line>
      <![CDATA[<br><strong>Step :22 Click on Logout option </br></strong></br>]]>
    </line>
    <line>
      <![CDATA[<br><strong>Step :23 Click on I User Logo </br></strong></br>]]>
    </line>
    <line>
      <![CDATA[<br><strong>Step :24 Click on Login button under I user Icon</br></strong></br>]]>
    </line>
    <line>
      <![CDATA[<strong> <h3 style="color:#FFA500"> Open Account Validation</h3> </strong>]]>
    </line>
    <line>
      <![CDATA[User should be redirected to Login Page and asked for Username and Password]]>
    </line>
    <line>
      <![CDATA[<br><strong>Step :25 User will be redirected to customer Login page</br></strong></br>]]>
    </line>
    <line>
      <![CDATA[Enter the UserName=====>prashantp@accorin.com</br>]]>
    </line>
    <line>
      <![CDATA[Enter the Password=====>baps@200</br>]]>
    </line>
    <line>
      <![CDATA[Click on Sign In Button]]>
    </line>
    <line>
      <![CDATA[<br><strong>Step :26 Click on Pro Med Express Logo</br></strong></br>]]>
    </line>
    <line>
      <![CDATA[<br><strong>Step :27 Mouse Over to Mobility in Home Page </br></br></strong></br>]]>
    </line>
    <line>
      <![CDATA[<strong> <h3 style="color:#FFA500"> Credit Card Validation</h3> </strong>]]>
    </line>
    <line>
      <![CDATA[<br><strong>Step :28 Click on Positioning under Orthopedic </br></strong></br>]]>
    </line>
    <line>
      <![CDATA[<br><strong>===============>Orthopedic option will Appear under Positioning</br></strong></br>]]>
    </line>
    <line>
      <![CDATA[<br><strong>Step :29 Click on Add to Cart Button </br></strong></br>]]>
    </line>
    <line>
      <![CDATA[<br><strong>===============>Product will be added to cart</br></strong></br>]]>
    </line>
    <line>
      <![CDATA[Product Selected====>Add to Cart</br>]]>
    </line>
    <line>
      <![CDATA[<br><strong>Step :30 Click on My Cart Option </br></strong></br>]]>
    </line>
    <line>
      <![CDATA[<br><strong>===============>User should see the Product Under My Cart</br></strong></br>]]>
    </line>
    <line>
      <![CDATA[<br><strong>Step :31 Click on CheckOut Option under My Cart </br></strong></br>]]>
    </line>
    <line>
      <![CDATA[<br><strong>===============>User should be Redirected to Shipping Address Page</br></strong></br>]]>
    </line>
    <line>
      <![CDATA[<br><strong>Step :32 Select Shipping Customer </br></strong></br>]]>
    </line>
    <line>
      <![CDATA[<br><strong>===============>User should Select the Shipping Customer</br></strong></br>]]>
    </line>
    <line>
      <![CDATA[<br> <b>Please look to the screenshot - </b>]]>
    </line>
    <line>
      <![CDATA[<br><Strong><font color=#FF0000>--Failed</font></strong>]]>
    </line>
    <line>
      <![CDATA[<a href='../test-output/screenshots/1022175610183ValidatePaymentMethod.png' target='_new'>1022175610183ValidatePaymentMethod.png</a>]]>
    </line>
    <line>
      <![CDATA[<br></br><h3>Failure Reason:</h3>]]>
    </line>
    <line>
      <![CDATA[<br></br>org.openqa.selenium.StaleElementReferenceException: stale element reference: element is not attached to the page document]]>
    </line>
  </reporter-output>
  <suite name="Promedxpress" duration-ms="1082269" started-at="2018-10-22T12:08:12Z" finished-at="2018-10-22T12:26:14Z">
    <groups>
    </groups>
    <test name="TC_11: Validate Payment Method  " duration-ms="1082269" started-at="2018-10-22T12:08:12Z" finished-at="2018-10-22T12:26:14Z">
      <class name="com.index.ValidatePaymentMethod_Index">
        <test-method status="PASS" signature="fetchSuiteConfiguration(org.testng.ITestContext)[pri:0, instance:com.index.ValidatePaymentMethod_Index@52525845]" name="fetchSuiteConfiguration" is-config="true" duration-ms="21" started-at="2018-10-22T17:38:12Z" finished-at="2018-10-22T17:38:12Z">
          <params>
            <param index="0">
              <value>
                <![CDATA[org.testng.TestRunner@12e5da86]]>
              </value>
            </param>
          </params>
          <reporter-output>
          </reporter-output>
        </test-method> <!-- fetchSuiteConfiguration -->
        <test-method status="PASS" signature="setUp(java.lang.reflect.Method, org.testng.ITestContext)[pri:0, instance:com.index.ValidatePaymentMethod_Index@52525845]" name="setUp" is-config="true" duration-ms="27466" started-at="2018-10-22T17:38:12Z" finished-at="2018-10-22T17:38:39Z">
          <params>
            <param index="0">
              <value>
                <![CDATA[public void com.index.ValidatePaymentMethod_Index.ValidatePaymentMethod() throws java.io.UnsupportedEncodingException,java.net.URISyntaxException,java.io.IOException]]>
              </value>
            </param>
            <param index="1">
              <value>
                <![CDATA[org.testng.TestRunner@12e5da86]]>
              </value>
            </param>
          </params>
          <reporter-output>
          </reporter-output>
        </test-method> <!-- setUp -->
        <test-method status="SKIP" signature="ValidatePaymentMethod()[pri:1, instance:com.index.ValidatePaymentMethod_Index@52525845]" name="ValidatePaymentMethod" duration-ms="505744" started-at="2018-10-22T17:38:39Z" finished-at="2018-10-22T17:47:05Z">
          <exception class="org.openqa.selenium.StaleElementReferenceException">
            <message>
              <![CDATA[stale element reference: element is not attached to the page document  (Session info: chrome=70.0.3538.67)  (Driver info: chromedriver=2.37.544315 (730aa6a5fdba159ac9f4c1e8cbc59bf1b5ce12b7),platform=Windows NT 6.1.7600 x86_64) (WARNING: The server did not provide any stacktrace information)Command duration or timeout: 10 millisecondsFor documentation on this error, please visit: http://seleniumhq.org/exceptions/stale_element_reference.htmlBuild info: version: '2.53.1', revision: 'a36b8b1', time: '2016-06-30 17:37:03'System info: host: 'iball-PC', ip: '192.168.56.1', os.name: 'Windows 7', os.arch: 'amd64', os.version: '6.1', java.version: '1.8.0-ea'Driver info: org.openqa.selenium.chrome.ChromeDriverCapabilities [{applicationCacheEnabled=false, rotatable=false, mobileEmulationEnabled=false, networkConnectionEnabled=false, chrome={chromedriverVersion=2.37.544315 (730aa6a5fdba159ac9f4c1e8cbc59bf1b5ce12b7), userDataDir=C:\Users\IBALL~1\AppData\Local\Temp\scoped_dir4560_31459}, takesHeapSnapshot=true, pageLoadStrategy=normal, databaseEnabled=false, handlesAlerts=true, hasTouchScreen=false, version=70.0.3538.67, platform=XP, browserConnectionEnabled=false, nativeEvents=true, acceptSslCerts=false, acceptInsecureCerts=false, locationContextEnabled=true, webStorageEnabled=true, browserName=chrome, takesScreenshot=true, javascriptEnabled=true, cssSelectorsEnabled=true, setWindowRect=true, unexpectedAlertBehaviour=}]Session ID: 9248f94fe46468046d4af10b54d8376eCommand duration or timeout: 0 milliseconds]]>
            </message>
            <full-stacktrace>
              <![CDATA[org.openqa.selenium.StaleElementReferenceException: stale element reference: element is not attached to the page document  (Session info: chrome=70.0.3538.67)  (Driver info: chromedriver=2.37.544315 (730aa6a5fdba159ac9f4c1e8cbc59bf1b5ce12b7),platform=Windows NT 6.1.7600 x86_64) (WARNING: The server did not provide any stacktrace information)Command duration or timeout: 10 millisecondsFor documentation on this error, please visit: http://seleniumhq.org/exceptions/stale_element_reference.htmlBuild info: version: '2.53.1', revision: 'a36b8b1', time: '2016-06-30 17:37:03'System info: host: 'iball-PC', ip: '192.168.56.1', os.name: 'Windows 7', os.arch: 'amd64', os.version: '6.1', java.version: '1.8.0-ea'Driver info: org.openqa.selenium.chrome.ChromeDriverCapabilities [{applicationCacheEnabled=false, rotatable=false, mobileEmulationEnabled=false, networkConnectionEnabled=false, chrome={chromedriverVersion=2.37.544315 (730aa6a5fdba159ac9f4c1e8cbc59bf1b5ce12b7), userDataDir=C:\Users\IBALL~1\AppData\Local\Temp\scoped_dir4560_31459}, takesHeapSnapshot=true, pageLoadStrategy=normal, databaseEnabled=false, handlesAlerts=true, hasTouchScreen=false, version=70.0.3538.67, platform=XP, browserConnectionEnabled=false, nativeEvents=true, acceptSslCerts=false, acceptInsecureCerts=false, locationContextEnabled=true, webStorageEnabled=true, browserName=chrome, takesScreenshot=true, javascriptEnabled=true, cssSelectorsEnabled=true, setWindowRect=true, unexpectedAlertBehaviour=}]Session ID: 9248f94fe46468046d4af10b54d8376eCommand duration or timeout: 0 millisecondsat sun.reflect.NativeConstructorAccessorImpl.newInstance0(Native Method)at sun.reflect.NativeConstructorAccessorImpl.newInstance(NativeConstructorAccessorImpl.java:57)at sun.reflect.DelegatingConstructorAccessorImpl.newInstance(DelegatingConstructorAccessorImpl.java:45)at java.lang.reflect.Constructor.newInstance(Constructor.java:406)at org.openqa.selenium.remote.ErrorHandler.createThrowable(ErrorHandler.java:214)at org.openqa.selenium.remote.ErrorHandler.throwIfResponseFailed(ErrorHandler.java:166)at org.openqa.selenium.remote.http.JsonHttpResponseCodec.reconstructValue(JsonHttpResponseCodec.java:40)at org.openqa.selenium.remote.http.AbstractHttpResponseCodec.decode(AbstractHttpResponseCodec.java:80)at org.openqa.selenium.remote.http.AbstractHttpResponseCodec.decode(AbstractHttpResponseCodec.java:44)at org.openqa.selenium.remote.HttpCommandExecutor.execute(HttpCommandExecutor.java:158)at org.openqa.selenium.remote.RemoteWebDriver.execute(RemoteWebDriver.java:548)at org.openqa.selenium.remote.RemoteWebDriver.executeScript(RemoteWebDriver.java:485)at com.init.Common.jsClick(Common.java:623)at com.indexpage.ValidatePaymentMethod_GeneralindexPage.Shipping_Customernew(ValidatePaymentMethod_GeneralindexPage.java:1195)at com.index.ValidatePaymentMethod_Index.ValidatePaymentMethod(ValidatePaymentMethod_Index.java:725)at sun.reflect.NativeMethodAccessorImpl.invoke0(Native Method)at sun.reflect.NativeMethodAccessorImpl.invoke(NativeMethodAccessorImpl.java:57)at sun.reflect.DelegatingMethodAccessorImpl.invoke(DelegatingMethodAccessorImpl.java:43)at java.lang.reflect.Method.invoke(Method.java:483)at org.testng.internal.MethodInvocationHelper.invokeMethod(MethodInvocationHelper.java:124)at org.testng.internal.Invoker.invokeMethod(Invoker.java:571)at org.testng.internal.Invoker.invokeTestMethod(Invoker.java:707)at org.testng.internal.Invoker.invokeTestMethods(Invoker.java:979)at org.testng.internal.TestMethodWorker.invokeTestMethods(TestMethodWorker.java:125)at org.testng.internal.TestMethodWorker.run(TestMethodWorker.java:109)at org.testng.TestRunner.privateRun(TestRunner.java:648)at org.testng.TestRunner.run(TestRunner.java:505)at org.testng.SuiteRunner.runTest(SuiteRunner.java:455)at org.testng.SuiteRunner.runSequentially(SuiteRunner.java:450)at org.testng.SuiteRunner.privateRun(SuiteRunner.java:415)at org.testng.SuiteRunner.run(SuiteRunner.java:364)at org.testng.SuiteRunnerWorker.runSuite(SuiteRunnerWorker.java:52)at org.testng.SuiteRunnerWorker.run(SuiteRunnerWorker.java:84)at org.testng.TestNG.runSuitesSequentially(TestNG.java:1187)at org.testng.TestNG.runSuitesLocally(TestNG.java:1116)at org.testng.TestNG.runSuites(TestNG.java:1028)at org.testng.TestNG.run(TestNG.java:996)at org.testng.remote.AbstractRemoteTestNG.run(AbstractRemoteTestNG.java:114)at org.testng.remote.RemoteTestNG.initAndRun(RemoteTestNG.java:251)at org.testng.remote.RemoteTestNG.main(RemoteTestNG.java:77)Caused by: org.openqa.selenium.remote.ScreenshotException: Screen shot has been takenat org.openqa.selenium.remote.ErrorHandler.throwIfResponseFailed(ErrorHandler.java:140)... 34 moreCaused by: org.openqa.selenium.StaleElementReferenceException: stale element reference: element is not attached to the page document  (Session info: chrome=70.0.3538.67)  (Driver info: chromedriver=2.37.544315 (730aa6a5fdba159ac9f4c1e8cbc59bf1b5ce12b7),platform=Windows NT 6.1.7600 x86_64) (WARNING: The server did not provide any stacktrace information)Command duration or timeout: 10 millisecondsFor documentation on this error, please visit: http://seleniumhq.org/exceptions/stale_element_reference.htmlBuild info: version: '2.53.1', revision: 'a36b8b1', time: '2016-06-30 17:37:03'System info: host: 'iball-PC', ip: '192.168.56.1', os.name: 'Windows 7', os.arch: 'amd64', os.version: '6.1', java.version: '1.8.0-ea'Driver info: org.openqa.selenium.chrome.ChromeDriverCapabilities [{applicationCacheEnabled=false, rotatable=false, mobileEmulationEnabled=false, networkConnectionEnabled=false, chrome={chromedriverVersion=2.37.544315 (730aa6a5fdba159ac9f4c1e8cbc59bf1b5ce12b7), userDataDir=C:\Users\IBALL~1\AppData\Local\Temp\scoped_dir4560_31459}, takesHeapSnapshot=true, pageLoadStrategy=normal, databaseEnabled=false, handlesAlerts=true, hasTouchScreen=false, version=70.0.3538.67, platform=XP, browserConnectionEnabled=false, nativeEvents=true, acceptSslCerts=false, acceptInsecureCerts=false, locationContextEnabled=true, webStorageEnabled=true, browserName=chrome, takesScreenshot=true, javascriptEnabled=true, cssSelectorsEnabled=true, setWindowRect=true, unexpectedAlertBehaviour=}]Session ID: 9248f94fe46468046d4af10b54d8376eFor documentation on this error, please visit: http://seleniumhq.org/exceptions/stale_element_reference.htmlBuild info: version: '3.14.0', revision: 'aacccce0', time: '2018-08-02T20:19:58.91Z'System info: host: 'IBALL-PC', ip: '192.168.56.1', os.name: 'Windows 7', os.arch: 'amd64', os.version: '6.1', java.version: '1.8.0-ea'Driver info: driver.version: EventFiringWebDriverat sun.reflect.NativeConstructorAccessorImpl.newInstance0(Native Method)at sun.reflect.NativeConstructorAccessorImpl.newInstance(Unknown Source)at sun.reflect.DelegatingConstructorAccessorImpl.newInstance(Unknown Source)at java.lang.reflect.Constructor.newInstance(Unknown Source)at org.openqa.selenium.remote.ErrorHandler.createThrowable(ErrorHandler.java:206)at org.openqa.selenium.remote.ErrorHandler.throwIfResponseFailed(ErrorHandler.java:158)at org.openqa.selenium.remote.RemoteWebDriver.execute(RemoteWebDriver.java:678)at org.openqa.selenium.remote.RemoteWebDriver.executeScript(RemoteWebDriver.java:577)at sun.reflect.NativeMethodAccessorImpl.invoke0(Native Method)at sun.reflect.NativeMethodAccessorImpl.invoke(Unknown Source)at sun.reflect.DelegatingMethodAccessorImpl.invoke(Unknown Source)at java.lang.reflect.Method.invoke(Unknown Source)at org.openqa.selenium.support.events.EventFiringWebDriver$2.invoke(EventFiringWebDriver.java:103)at com.sun.proxy.$Proxy1.executeScript(Unknown Source)at org.openqa.selenium.support.events.EventFiringWebDriver.executeScript(EventFiringWebDriver.java:217)at org.openqa.selenium.remote.server.handler.ExecuteScript.call(ExecuteScript.java:54)at java.util.concurrent.FutureTask.run(Unknown Source)at org.openqa.selenium.remote.server.DefaultSession$1.run(DefaultSession.java:176)at java.util.concurrent.ThreadPoolExecutor.runWorker(Unknown Source)at java.util.concurrent.ThreadPoolExecutor$Worker.run(Unknown Source)at java.lang.Thread.run(Unknown Source)]]>
            </full-stacktrace>
          </exception> <!-- org.openqa.selenium.StaleElementReferenceException -->
          <reporter-output>
            <line>
              <![CDATA[<strong> <h3 style="color:#FFA500"> Test Scenario 11: Validate Payment Method[Credit Card, Paypal & Open Account]</h3> </strong>]]>
            </line>
            <line>
              <![CDATA[<strong> <h3 style="color:#FF0000"> Time and Date of Test Execution2018-10-22  17:38:39</h3> </strong>]]>
            </line>
            <line>
              <![CDATA[<strong> <h3 style="color:#FF0000"> Validate Payment Method======>Paypal</br></h3> </strong>]]>
            </line>
            <line>
              <![CDATA[<strong> <h3 style="color:Blue"> Step 1 : Open URL is: https://promed-dev-scripco-refapp.accorin.us/</a></h3> </strong>]]>
            </line>
            <line>
              <![CDATA[<strong> <h3 style="color:Blue"> To Verify that Home Page is Displayed</br></h3> </strong>]]>
            </line>
            <line>
              <![CDATA[<br><strong>Step :2 Open the Application</br></strong></br>]]>
            </line>
            <line>
              <![CDATA[<strong> <h3 style="color:Blue"> Welcome Msg is Displayed ====>: WELCOME TO OUR NEW SITE</h3> </strong>]]>
            </line>
            <line>
              <![CDATA[<br></br> <Strong><font color=#008000><b> &#10004 PASS</b></font></strong>]]>
            </line>
            <line>
              <![CDATA[===>Home page is opened and Logo is Matched</br>]]>
            </line>
            <line>
              <![CDATA[<br><strong>Step :3 Click on I User Logo </br></strong></br>]]>
            </line>
            <line>
              <![CDATA[<br><strong>Step :4 Click on Create New Account </br></strong></br>]]>
            </line>
            <line>
              <![CDATA[<strong> <h3 style="color:Blue"> Verify that without filling details and click on Create New Account a Error Message Appeared</br></h3> </strong>]]>
            </line>
            <line>
              <![CDATA[<br><strong>Without Entering Details and Click on Create New Account Button===>This is a required field.</strong></br>]]>
            </line>
            <line>
              <![CDATA[<br></br> <Strong><font color=#008000><b> &#10004 PASS</b></font></strong>]]>
            </line>
            <line>
              <![CDATA[===>User Cannot Create a Account without entering a Details</br>]]>
            </line>
            <line>
              <![CDATA[<br><strong>Step :5 Click on I Uer Logo </br></strong></br>]]>
            </line>
            <line>
              <![CDATA[<br><strong>Step :6 Click on Create New Account </br></strong></br>]]>
            </line>
            <line>
              <![CDATA[<br><strong>Step :7 Enter the Details under Create New Account and click on create new Account </br></strong></br>]]>
            </line>
            <line>
              <![CDATA[<br><strong>Enter First Name :===> Paul</strong></br>]]>
            </line>
            <line>
              <![CDATA[<br><strong>Enter Last Name :===> williams</strong></br>]]>
            </line>
            <line>
              <![CDATA[<br><strong>Click on Sign Up For Newsletter Check Box</strong></br>]]>
            </line>
            <line>
              <![CDATA[<br><strong>Type the graudation date===>09/11/2015</strong></br>]]>
            </line>
            <line>
              <![CDATA[<br><strong>Type the email id ===>prashantp+9333820@accorin.com</br></strong></br>]]>
            </line>
            <line>
              <![CDATA[<br><strong>Type the password ===>baps@200</strong></br>]]>
            </line>
            <line>
              <![CDATA[<br><strong>Type the same password under confirm password ===>baps@200</strong></br>]]>
            </line>
            <line>
              <![CDATA[<br><strong>After filling all the details click on Create A Account</strong></br>]]>
            </line>
            <line>
              <![CDATA[<strong> <h3 style="color:Blue"> Show the Confirmation Message after Formed is Filled</br></h3> </strong>]]>
            </line>
            <line>
              <![CDATA[<br><strong>Confirmation Message is Displayed===>Thank you for registering with ProMed Xpress Products.</br></strong></br>]]>
            </line>
            <line>
              <![CDATA[<br></br> <Strong><font color=#008000><b> &#10004 PASS</b></font></strong>]]>
            </line>
            <line>
              <![CDATA[===>Confirmation Message is Displayed</br>]]>
            </line>
            <line>
              <![CDATA[<br><strong>User Name Shoud Display===>Welcome, Paul!</strong></br>]]>
            </line>
            <line>
              <![CDATA[<br></br> <Strong><font color=#008000><b> &#10004 PASS</b></font></strong>]]>
            </line>
            <line>
              <![CDATA[===>User Home Page is Appeared with the Welcome Message</br>]]>
            </line>
            <line>
              <![CDATA[<br><strong>Step :8 Click on I Uer Logo </br></strong></br>]]>
            </line>
            <line>
              <![CDATA[<br><strong>Step :9 Click on Logout option </br></strong></br>]]>
            </line>
            <line>
              <![CDATA[<br><strong>Step :10 Mouse Over to Mobility in Home Page </br></strong></br>]]>
            </line>
            <line>
              <![CDATA[<br><strong>Step :11 Click on Geri_Chairs under Mobility </br></strong></br>]]>
            </line>
            <line>
              <![CDATA[<br><strong>Step :12 Click on Add to Cart Button </br></strong></br>]]>
            </line>
            <line>
              <![CDATA[<br><strong>Step :13 Click on My Cart Option </br></strong></br>]]>
            </line>
            <line>
              <![CDATA[<strong> <h3 style="color:Blue">  Verify that the Product which has been Selected is showing under My Cart Option</h3> </strong>]]>
            </line>
            <line>
              <![CDATA[<br><strong>Item Selected in the Page Matches Item in the Cart : Double Sided Security Bed Rails 18"X20"</strong></br>]]>
            </line>
            <line>
              <![CDATA[Converting String to Int of Original Price : 132.28]]>
            </line>
            <line>
              <![CDATA[<br><strong>=========>Converting Double to Integer<=======</strong></br>]]>
            </line>
            <line>
              <![CDATA[<br><strong>Item Selected in the Page : Double Sided Security Bed Rails 18"X20"</strong></br>]]>
            </line>
            <line>
              <![CDATA[Converting String to Int of Original Price : 132.28]]>
            </line>
            <line>
              <![CDATA[<strong> <h3 style="color:Blue"> Comparing the two Items</h3> </strong>]]>
            </line>
            <line>
              <![CDATA[<br><strong>Item Selected and Item in My Cart Matches</strong></br>]]>
            </line>
            <line>
              <![CDATA[<br></br> <Strong><font color=#008000><b> &#10004 PASS</b></font></strong>]]>
            </line>
            <line>
              <![CDATA[<strong> <h3 style="color:Blue"> Price Comparing</h3> </strong>]]>
            </line>
            <line>
              <![CDATA[<br><strong>Item Selected and Item in My Cart Price Matches</strong></br>]]>
            </line>
            <line>
              <![CDATA[<br></br> <Strong><font color=#008000><b> &#10004 PASS</b></font></strong>]]>
            </line>
            <line>
              <![CDATA[===>Product and Price Verified in My Cart</br>]]>
            </line>
            <line>
              <![CDATA[<strong> <h3 style="color:Blue"> Item Quantity Verified</h3> </strong>]]>
            </line>
            <line>
              <![CDATA[<br><strong>Total Quantity of Product is Displayed : 1</strong></br>]]>
            </line>
            <line>
              <![CDATA[<br></br> <Strong><font color=#008000><b> &#10004 PASS</b></font></strong>]]>
            </line>
            <line>
              <![CDATA[===>Product Item is Same as Selected</br>]]>
            </line>
            <line>
              <![CDATA[<br><strong>Step :14 Click on CheckOut Option under My Cart</br></strong></br>]]>
            </line>
            <line>
              <![CDATA[<strong> <h3 style="color:#FFA500"> Filling the Shipping Information of the Customer</br></h3> </strong>]]>
            </line>
            <line>
              <![CDATA[<br><strong>Step :15 Type the Shipping Address where the Customer want to Send his Order </br></strong></br>]]>
            </line>
            <line>
              <![CDATA[Enter Email Id of Customer====>: prashantp+9333820@accorin.com</br>]]>
            </line>
            <line>
              <![CDATA[Enter Email Id of Customer====>: baps@200</br>]]>
            </line>
            <line>
              <![CDATA[Click on Login Button After entering email id and password</br>]]>
            </line>
            <line>
              <![CDATA[Enter Company Name====>: testCompany</br>]]>
            </line>
            <line>
              <![CDATA[Enter Street Address====>: 360 Vetarans Parkway, Suite 115</br>]]>
            </line>
            <line>
              <![CDATA[Enter City name====>:Bolingbrook</br>]]>
            </line>
            <line>
              <![CDATA[Select the State from the Drop Down :==> Illinois </br>]]>
            </line>
            <line>
              <![CDATA[Enter the Pin Code of the State: 60440</br>]]>
            </line>
            <line>
              <![CDATA[Select the Country from the Drop Down :==> United States </br>]]>
            </line>
            <line>
              <![CDATA[<br><strong>Step :16 Address_Validation_PopUp </br></strong></br>]]>
            </line>
            <line>
              <![CDATA[Enter the Phone Number of Customer: 123456789</br>]]>
            </line>
            <line>
              <![CDATA[<strong> <h3 style="color:Blue"> Address Validation PopUp</br></h3> </strong>]]>
            </line>
            <line>
              <![CDATA[<br><strong>Clicked on : origin_address</strong></br>]]>
            </line>
            <line>
              <![CDATA[<br><strong>Click on Continue Button</strong></br>]]>
            </line>
            <line>
              <![CDATA[<br><strong>Address Pop Up Is Displayed</strong></br>]]>
            </line>
            <line>
              <![CDATA[Click on Address Validation Pop Up Window</br>]]>
            </line>
            <line>
              <![CDATA[<br><strong>Step :17 Select Shipping Customer </br></strong></br>]]>
            </line>
            <line>
              <![CDATA[Click on Ground Standard under Choose a Shipping Option</br></br>]]>
            </line>
            <line>
              <![CDATA[After Filling all the detail Click on Next Button</br></br>]]>
            </line>
            <line>
              <![CDATA[<strong> <h3 style="color:#FF0000"> Select the PayPal Payment Mode and Enter Valid Credentials</br></h3> </strong>]]>
            </line>
            <line>
              <![CDATA[<br><strong>Step :18 Select Valid Credentials in PayPal </br></strong></br>]]>
            </line>
            <line>
              <![CDATA[Click on Pay Pal Radio Button</br>]]>
            </line>
            <line>
              <![CDATA[Click on continue to paypal option</br>]]>
            </line>
            <line>
              <![CDATA[Login Button Found And Clicked]]>
            </line>
            <line>
              <![CDATA[Enter the Valid Paypal email id===> 31julymm@mailinator.com</br>]]>
            </line>
            <line>
              <![CDATA[Enter the Valid Paypal Password===>Baps@123</br>]]>
            </line>
            <line>
              <![CDATA[After entering Valid Email ID and Password Click on Login Button]]>
            </line>
            <line>
              <![CDATA[Click on Continue Button]]>
            </line>
            <line>
              <![CDATA[<br><strong>Show the Payment Method===>PayPal Express Checkout</strong></br>]]>
            </line>
            <line>
              <![CDATA[===>Item is Placed and Payment is made through PayPal</br>]]>
            </line>
            <line>
              <![CDATA[<strong> <h3 style="color:Blue"> Verify that Order has been Confirmed and A message has been Displayed</h3> </strong>]]>
            </line>
            <line>
              <![CDATA[<br><strong>Confirmation Message is Displayed :YOUR ORDER HAS BEEN PLACED</strong></br>]]>
            </line>
            <line>
              <![CDATA[<br></br> <Strong><font color=#008000><b> &#10004 PASS</b></font></strong>]]>
            </line>
            <line>
              <![CDATA[<br><strong>Email Confirmation has Been Sent :An email confirmation is on its way to prashantp+9333820@accorin.com</strong></br>]]>
            </line>
            <line>
              <![CDATA[<br></br> <Strong><font color=#008000><b> &#10004 PASS</b></font></strong>]]>
            </line>
            <line>
              <![CDATA[<br><strong>Order Number is Displayed :Order #4000001304</strong></br>]]>
            </line>
            <line>
              <![CDATA[<br></br> <Strong><font color=#008000><b> &#10004 PASS</b></font></strong>]]>
            </line>
            <line>
              <![CDATA[===>Item is Placed and Shown in the Place</br>]]>
            </line>
            <line>
              <![CDATA[<strong> <h3 style="color:#FFA500"> Open Account Payment Method</h3> </strong>]]>
            </line>
            <line>
              <![CDATA[<strong> <h3 style="color:Blue"> Step 19 : Open URL is: https://promed-dev-scripco-refapp.accorin.us/</a></h3> </strong>]]>
            </line>
            <line>
              <![CDATA[<br><strong>To Verify that Home Page is Displayed</br></strong></br>]]>
            </line>
            <line>
              <![CDATA[<br><strong>Step :20 Open the Application</br></strong></br>]]>
            </line>
            <line>
              <![CDATA[<strong> <h3 style="color:Blue"> Welcome Msg is Displayed ====>: WELCOME TO OUR NEW SITE</h3> </strong>]]>
            </line>
            <line>
              <![CDATA[<br></br> <Strong><font color=#008000><b> &#10004 PASS</b></font></strong>]]>
            </line>
            <line>
              <![CDATA[===>Home page is opened and Logo is Matched</br>]]>
            </line>
            <line>
              <![CDATA[<br><strong>Step :21 Click on I User Logo </br></strong></br>]]>
            </line>
            <line>
              <![CDATA[<br><strong>Step :22 Click on Logout option </br></strong></br>]]>
            </line>
            <line>
              <![CDATA[<br><strong>Step :23 Click on I User Logo </br></strong></br>]]>
            </line>
            <line>
              <![CDATA[<br><strong>Step :24 Click on Login button under I user Icon</br></strong></br>]]>
            </line>
            <line>
              <![CDATA[<strong> <h3 style="color:#FFA500"> Open Account Validation</h3> </strong>]]>
            </line>
            <line>
              <![CDATA[User should be redirected to Login Page and asked for Username and Password]]>
            </line>
            <line>
              <![CDATA[<br><strong>Step :25 User will be redirected to customer Login page</br></strong></br>]]>
            </line>
            <line>
              <![CDATA[Enter the UserName=====>prashantp@accorin.com</br>]]>
            </line>
            <line>
              <![CDATA[Enter the Password=====>baps@200</br>]]>
            </line>
            <line>
              <![CDATA[Click on Sign In Button]]>
            </line>
            <line>
              <![CDATA[<br><strong>Step :26 Click on Pro Med Express Logo</br></strong></br>]]>
            </line>
            <line>
              <![CDATA[<br><strong>Step :27 Mouse Over to Mobility in Home Page </br></br></strong></br>]]>
            </line>
            <line>
              <![CDATA[<strong> <h3 style="color:#FFA500"> Credit Card Validation</h3> </strong>]]>
            </line>
            <line>
              <![CDATA[<br><strong>Step :28 Click on Positioning under Orthopedic </br></strong></br>]]>
            </line>
            <line>
              <![CDATA[<br><strong>===============>Orthopedic option will Appear under Positioning</br></strong></br>]]>
            </line>
            <line>
              <![CDATA[<br><strong>Step :29 Click on Add to Cart Button </br></strong></br>]]>
            </line>
            <line>
              <![CDATA[<br><strong>===============>Product will be added to cart</br></strong></br>]]>
            </line>
            <line>
              <![CDATA[Product Selected====>Add to Cart</br>]]>
            </line>
            <line>
              <![CDATA[<br><strong>Step :30 Click on My Cart Option </br></strong></br>]]>
            </line>
            <line>
              <![CDATA[<br><strong>===============>User should see the Product Under My Cart</br></strong></br>]]>
            </line>
            <line>
              <![CDATA[<br><strong>Step :31 Click on CheckOut Option under My Cart </br></strong></br>]]>
            </line>
            <line>
              <![CDATA[<br><strong>===============>User should be Redirected to Shipping Address Page</br></strong></br>]]>
            </line>
            <line>
              <![CDATA[<br><strong>Step :32 Select Shipping Customer </br></strong></br>]]>
            </line>
            <line>
              <![CDATA[<br><strong>===============>User should Select the Shipping Customer</br></strong></br>]]>
            </line>
            <line>
              <![CDATA[<br> <b>Please look to the screenshot - </b>]]>
            </line>
            <line>
              <![CDATA[<br><Strong><font color=#FF0000>--Failed</font></strong>]]>
            </line>
            <line>
              <![CDATA[<a href='../test-output/screenshots/1022174705378ValidatePaymentMethod.png' target='_new'>1022174705378ValidatePaymentMethod.png</a>]]>
            </line>
          </reporter-output>
        </test-method> <!-- ValidatePaymentMethod -->
        <test-method status="PASS" signature="tearDown(org.testng.ITestResult)[pri:0, instance:com.index.ValidatePaymentMethod_Index@52525845]" name="tearDown" is-config="true" duration-ms="6808" started-at="2018-10-22T17:47:05Z" finished-at="2018-10-22T17:47:12Z">
          <params>
            <param index="0">
              <value>
                <![CDATA[[TestResult name=ValidatePaymentMethod status=SKIP method=ValidatePaymentMethod_Index.ValidatePaymentMethod()[pri:1, instance:com.index.ValidatePaymentMethod_Index@52525845] output=<strong> <h3 style="color:#FFA500"> Test Scenario 11: Validate Payment Method[Credit Card, Paypal & Open Account]</h3> </strong>]]]>
              </value>
            </param>
          </params>
          <reporter-output>
          </reporter-output>
        </test-method> <!-- tearDown -->
        <test-method status="PASS" signature="setUp(java.lang.reflect.Method, org.testng.ITestContext)[pri:0, instance:com.index.ValidatePaymentMethod_Index@52525845]" name="setUp" is-config="true" duration-ms="16281" started-at="2018-10-22T17:47:12Z" finished-at="2018-10-22T17:47:28Z">
          <params>
            <param index="0">
              <value>
                <![CDATA[public void com.index.ValidatePaymentMethod_Index.ValidatePaymentMethod() throws java.io.UnsupportedEncodingException,java.net.URISyntaxException,java.io.IOException]]>
              </value>
            </param>
            <param index="1">
              <value>
                <![CDATA[org.testng.TestRunner@12e5da86]]>
              </value>
            </param>
          </params>
          <reporter-output>
          </reporter-output>
        </test-method> <!-- setUp -->
        <test-method status="FAIL" signature="ValidatePaymentMethod()[pri:1, instance:com.index.ValidatePaymentMethod_Index@52525845]" name="ValidatePaymentMethod" duration-ms="521713" started-at="2018-10-22T17:47:28Z" finished-at="2018-10-22T17:56:10Z">
          <exception class="org.openqa.selenium.StaleElementReferenceException">
            <message>
              <![CDATA[stale element reference: element is not attached to the page document  (Session info: chrome=70.0.3538.67)  (Driver info: chromedriver=2.37.544315 (730aa6a5fdba159ac9f4c1e8cbc59bf1b5ce12b7),platform=Windows NT 6.1.7600 x86_64) (WARNING: The server did not provide any stacktrace information)Command duration or timeout: 10 millisecondsFor documentation on this error, please visit: http://seleniumhq.org/exceptions/stale_element_reference.htmlBuild info: version: '2.53.1', revision: 'a36b8b1', time: '2016-06-30 17:37:03'System info: host: 'iball-PC', ip: '192.168.56.1', os.name: 'Windows 7', os.arch: 'amd64', os.version: '6.1', java.version: '1.8.0-ea'Driver info: org.openqa.selenium.chrome.ChromeDriverCapabilities [{applicationCacheEnabled=false, rotatable=false, mobileEmulationEnabled=false, networkConnectionEnabled=false, chrome={chromedriverVersion=2.37.544315 (730aa6a5fdba159ac9f4c1e8cbc59bf1b5ce12b7), userDataDir=C:\Users\IBALL~1\AppData\Local\Temp\scoped_dir4824_26101}, takesHeapSnapshot=true, pageLoadStrategy=normal, databaseEnabled=false, handlesAlerts=true, hasTouchScreen=false, version=70.0.3538.67, platform=XP, browserConnectionEnabled=false, nativeEvents=true, acceptSslCerts=false, acceptInsecureCerts=false, locationContextEnabled=true, webStorageEnabled=true, browserName=chrome, takesScreenshot=true, javascriptEnabled=true, cssSelectorsEnabled=true, setWindowRect=true, unexpectedAlertBehaviour=}]Session ID: 1084daf6de2e69b9fabb26713fb7a2f7Command duration or timeout: 0 milliseconds]]>
            </message>
            <full-stacktrace>
              <![CDATA[org.openqa.selenium.StaleElementReferenceException: stale element reference: element is not attached to the page document  (Session info: chrome=70.0.3538.67)  (Driver info: chromedriver=2.37.544315 (730aa6a5fdba159ac9f4c1e8cbc59bf1b5ce12b7),platform=Windows NT 6.1.7600 x86_64) (WARNING: The server did not provide any stacktrace information)Command duration or timeout: 10 millisecondsFor documentation on this error, please visit: http://seleniumhq.org/exceptions/stale_element_reference.htmlBuild info: version: '2.53.1', revision: 'a36b8b1', time: '2016-06-30 17:37:03'System info: host: 'iball-PC', ip: '192.168.56.1', os.name: 'Windows 7', os.arch: 'amd64', os.version: '6.1', java.version: '1.8.0-ea'Driver info: org.openqa.selenium.chrome.ChromeDriverCapabilities [{applicationCacheEnabled=false, rotatable=false, mobileEmulationEnabled=false, networkConnectionEnabled=false, chrome={chromedriverVersion=2.37.544315 (730aa6a5fdba159ac9f4c1e8cbc59bf1b5ce12b7), userDataDir=C:\Users\IBALL~1\AppData\Local\Temp\scoped_dir4824_26101}, takesHeapSnapshot=true, pageLoadStrategy=normal, databaseEnabled=false, handlesAlerts=true, hasTouchScreen=false, version=70.0.3538.67, platform=XP, browserConnectionEnabled=false, nativeEvents=true, acceptSslCerts=false, acceptInsecureCerts=false, locationContextEnabled=true, webStorageEnabled=true, browserName=chrome, takesScreenshot=true, javascriptEnabled=true, cssSelectorsEnabled=true, setWindowRect=true, unexpectedAlertBehaviour=}]Session ID: 1084daf6de2e69b9fabb26713fb7a2f7Command duration or timeout: 0 millisecondsat sun.reflect.NativeConstructorAccessorImpl.newInstance0(Native Method)at sun.reflect.NativeConstructorAccessorImpl.newInstance(NativeConstructorAccessorImpl.java:57)at sun.reflect.DelegatingConstructorAccessorImpl.newInstance(DelegatingConstructorAccessorImpl.java:45)at java.lang.reflect.Constructor.newInstance(Constructor.java:406)at org.openqa.selenium.remote.ErrorHandler.createThrowable(ErrorHandler.java:214)at org.openqa.selenium.remote.ErrorHandler.throwIfResponseFailed(ErrorHandler.java:166)at org.openqa.selenium.remote.http.JsonHttpResponseCodec.reconstructValue(JsonHttpResponseCodec.java:40)at org.openqa.selenium.remote.http.AbstractHttpResponseCodec.decode(AbstractHttpResponseCodec.java:80)at org.openqa.selenium.remote.http.AbstractHttpResponseCodec.decode(AbstractHttpResponseCodec.java:44)at org.openqa.selenium.remote.HttpCommandExecutor.execute(HttpCommandExecutor.java:158)at org.openqa.selenium.remote.RemoteWebDriver.execute(RemoteWebDriver.java:548)at org.openqa.selenium.remote.RemoteWebDriver.executeScript(RemoteWebDriver.java:485)at com.init.Common.jsClick(Common.java:623)at com.indexpage.ValidatePaymentMethod_GeneralindexPage.Shipping_Customernew(ValidatePaymentMethod_GeneralindexPage.java:1195)at com.index.ValidatePaymentMethod_Index.ValidatePaymentMethod(ValidatePaymentMethod_Index.java:725)at sun.reflect.NativeMethodAccessorImpl.invoke0(Native Method)at sun.reflect.NativeMethodAccessorImpl.invoke(NativeMethodAccessorImpl.java:57)at sun.reflect.DelegatingMethodAccessorImpl.invoke(DelegatingMethodAccessorImpl.java:43)at java.lang.reflect.Method.invoke(Method.java:483)at org.testng.internal.MethodInvocationHelper.invokeMethod(MethodInvocationHelper.java:124)at org.testng.internal.Invoker.invokeMethod(Invoker.java:571)at org.testng.internal.Invoker.retryFailed(Invoker.java:829)at org.testng.internal.Invoker.invokeTestMethods(Invoker.java:1000)at org.testng.internal.TestMethodWorker.invokeTestMethods(TestMethodWorker.java:125)at org.testng.internal.TestMethodWorker.run(TestMethodWorker.java:109)at org.testng.TestRunner.privateRun(TestRunner.java:648)at org.testng.TestRunner.run(TestRunner.java:505)at org.testng.SuiteRunner.runTest(SuiteRunner.java:455)at org.testng.SuiteRunner.runSequentially(SuiteRunner.java:450)at org.testng.SuiteRunner.privateRun(SuiteRunner.java:415)at org.testng.SuiteRunner.run(SuiteRunner.java:364)at org.testng.SuiteRunnerWorker.runSuite(SuiteRunnerWorker.java:52)at org.testng.SuiteRunnerWorker.run(SuiteRunnerWorker.java:84)at org.testng.TestNG.runSuitesSequentially(TestNG.java:1187)at org.testng.TestNG.runSuitesLocally(TestNG.java:1116)at org.testng.TestNG.runSuites(TestNG.java:1028)at org.testng.TestNG.run(TestNG.java:996)at org.testng.remote.AbstractRemoteTestNG.run(AbstractRemoteTestNG.java:114)at org.testng.remote.RemoteTestNG.initAndRun(RemoteTestNG.java:251)at org.testng.remote.RemoteTestNG.main(RemoteTestNG.java:77)Caused by: org.openqa.selenium.remote.ScreenshotException: Screen shot has been takenat org.openqa.selenium.remote.ErrorHandler.throwIfResponseFailed(ErrorHandler.java:140)... 34 moreCaused by: org.openqa.selenium.StaleElementReferenceException: stale element reference: element is not attached to the page document  (Session info: chrome=70.0.3538.67)  (Driver info: chromedriver=2.37.544315 (730aa6a5fdba159ac9f4c1e8cbc59bf1b5ce12b7),platform=Windows NT 6.1.7600 x86_64) (WARNING: The server did not provide any stacktrace information)Command duration or timeout: 10 millisecondsFor documentation on this error, please visit: http://seleniumhq.org/exceptions/stale_element_reference.htmlBuild info: version: '2.53.1', revision: 'a36b8b1', time: '2016-06-30 17:37:03'System info: host: 'iball-PC', ip: '192.168.56.1', os.name: 'Windows 7', os.arch: 'amd64', os.version: '6.1', java.version: '1.8.0-ea'Driver info: org.openqa.selenium.chrome.ChromeDriverCapabilities [{applicationCacheEnabled=false, rotatable=false, mobileEmulationEnabled=false, networkConnectionEnabled=false, chrome={chromedriverVersion=2.37.544315 (730aa6a5fdba159ac9f4c1e8cbc59bf1b5ce12b7), userDataDir=C:\Users\IBALL~1\AppData\Local\Temp\scoped_dir4824_26101}, takesHeapSnapshot=true, pageLoadStrategy=normal, databaseEnabled=false, handlesAlerts=true, hasTouchScreen=false, version=70.0.3538.67, platform=XP, browserConnectionEnabled=false, nativeEvents=true, acceptSslCerts=false, acceptInsecureCerts=false, locationContextEnabled=true, webStorageEnabled=true, browserName=chrome, takesScreenshot=true, javascriptEnabled=true, cssSelectorsEnabled=true, setWindowRect=true, unexpectedAlertBehaviour=}]Session ID: 1084daf6de2e69b9fabb26713fb7a2f7For documentation on this error, please visit: http://seleniumhq.org/exceptions/stale_element_reference.htmlBuild info: version: '3.14.0', revision: 'aacccce0', time: '2018-08-02T20:19:58.91Z'System info: host: 'IBALL-PC', ip: '192.168.56.1', os.name: 'Windows 7', os.arch: 'amd64', os.version: '6.1', java.version: '1.8.0-ea'Driver info: driver.version: EventFiringWebDriverat sun.reflect.NativeConstructorAccessorImpl.newInstance0(Native Method)at sun.reflect.NativeConstructorAccessorImpl.newInstance(Unknown Source)at sun.reflect.DelegatingConstructorAccessorImpl.newInstance(Unknown Source)at java.lang.reflect.Constructor.newInstance(Unknown Source)at org.openqa.selenium.remote.ErrorHandler.createThrowable(ErrorHandler.java:206)at org.openqa.selenium.remote.ErrorHandler.throwIfResponseFailed(ErrorHandler.java:158)at org.openqa.selenium.remote.RemoteWebDriver.execute(RemoteWebDriver.java:678)at org.openqa.selenium.remote.RemoteWebDriver.executeScript(RemoteWebDriver.java:577)at sun.reflect.NativeMethodAccessorImpl.invoke0(Native Method)at sun.reflect.NativeMethodAccessorImpl.invoke(Unknown Source)at sun.reflect.DelegatingMethodAccessorImpl.invoke(Unknown Source)at java.lang.reflect.Method.invoke(Unknown Source)at org.openqa.selenium.support.events.EventFiringWebDriver$2.invoke(EventFiringWebDriver.java:103)at com.sun.proxy.$Proxy1.executeScript(Unknown Source)at org.openqa.selenium.support.events.EventFiringWebDriver.executeScript(EventFiringWebDriver.java:217)at org.openqa.selenium.remote.server.handler.ExecuteScript.call(ExecuteScript.java:54)at java.util.concurrent.FutureTask.run(Unknown Source)at org.openqa.selenium.remote.server.DefaultSession$1.run(DefaultSession.java:176)at java.util.concurrent.ThreadPoolExecutor.runWorker(Unknown Source)at java.util.concurrent.ThreadPoolExecutor$Worker.run(Unknown Source)at java.lang.Thread.run(Unknown Source)]]>
            </full-stacktrace>
          </exception> <!-- org.openqa.selenium.StaleElementReferenceException -->
          <reporter-output>
            <line>
              <![CDATA[<strong> <h3 style="color:#FFA500"> Test Scenario 11: Validate Payment Method[Credit Card, Paypal & Open Account]</h3> </strong>]]>
            </line>
            <line>
              <![CDATA[<strong> <h3 style="color:#FF0000"> Time and Date of Test Execution2018-10-22  17:47:28</h3> </strong>]]>
            </line>
            <line>
              <![CDATA[<strong> <h3 style="color:#FF0000"> Validate Payment Method======>Paypal</br></h3> </strong>]]>
            </line>
            <line>
              <![CDATA[<strong> <h3 style="color:Blue"> Step 1 : Open URL is: https://promed-dev-scripco-refapp.accorin.us/</a></h3> </strong>]]>
            </line>
            <line>
              <![CDATA[<strong> <h3 style="color:Blue"> To Verify that Home Page is Displayed</br></h3> </strong>]]>
            </line>
            <line>
              <![CDATA[<br><strong>Step :2 Open the Application</br></strong></br>]]>
            </line>
            <line>
              <![CDATA[<strong> <h3 style="color:Blue"> Welcome Msg is Displayed ====>: WELCOME TO OUR NEW SITE</h3> </strong>]]>
            </line>
            <line>
              <![CDATA[<br></br> <Strong><font color=#008000><b> &#10004 PASS</b></font></strong>]]>
            </line>
            <line>
              <![CDATA[===>Home page is opened and Logo is Matched</br>]]>
            </line>
            <line>
              <![CDATA[<br><strong>Step :3 Click on I User Logo </br></strong></br>]]>
            </line>
            <line>
              <![CDATA[<br><strong>Step :4 Click on Create New Account </br></strong></br>]]>
            </line>
            <line>
              <![CDATA[<strong> <h3 style="color:Blue"> Verify that without filling details and click on Create New Account a Error Message Appeared</br></h3> </strong>]]>
            </line>
            <line>
              <![CDATA[<br><strong>Without Entering Details and Click on Create New Account Button===>This is a required field.</strong></br>]]>
            </line>
            <line>
              <![CDATA[<br></br> <Strong><font color=#008000><b> &#10004 PASS</b></font></strong>]]>
            </line>
            <line>
              <![CDATA[===>User Cannot Create a Account without entering a Details</br>]]>
            </line>
            <line>
              <![CDATA[<br><strong>Step :5 Click on I Uer Logo </br></strong></br>]]>
            </line>
            <line>
              <![CDATA[<br><strong>Step :6 Click on Create New Account </br></strong></br>]]>
            </line>
            <line>
              <![CDATA[<br><strong>Step :7 Enter the Details under Create New Account and click on create new Account </br></strong></br>]]>
            </line>
            <line>
              <![CDATA[<br><strong>Enter First Name :===> Paul</strong></br>]]>
            </line>
            <line>
              <![CDATA[<br><strong>Enter Last Name :===> williams</strong></br>]]>
            </line>
            <line>
              <![CDATA[<br><strong>Click on Sign Up For Newsletter Check Box</strong></br>]]>
            </line>
            <line>
              <![CDATA[<br><strong>Type the graudation date===>09/11/2015</strong></br>]]>
            </line>
            <line>
              <![CDATA[<br><strong>Type the email id ===>prashantp+9437744@accorin.com</br></strong></br>]]>
            </line>
            <line>
              <![CDATA[<br><strong>Type the password ===>baps@200</strong></br>]]>
            </line>
            <line>
              <![CDATA[<br><strong>Type the same password under confirm password ===>baps@200</strong></br>]]>
            </line>
            <line>
              <![CDATA[<br><strong>After filling all the details click on Create A Account</strong></br>]]>
            </line>
            <line>
              <![CDATA[<strong> <h3 style="color:Blue"> Show the Confirmation Message after Formed is Filled</br></h3> </strong>]]>
            </line>
            <line>
              <![CDATA[<br><strong>Confirmation Message is Displayed===>Thank you for registering with ProMed Xpress Products.</br></strong></br>]]>
            </line>
            <line>
              <![CDATA[<br></br> <Strong><font color=#008000><b> &#10004 PASS</b></font></strong>]]>
            </line>
            <line>
              <![CDATA[===>Confirmation Message is Displayed</br>]]>
            </line>
            <line>
              <![CDATA[<br><strong>User Name Shoud Display===>Welcome, Paul!</strong></br>]]>
            </line>
            <line>
              <![CDATA[<br></br> <Strong><font color=#008000><b> &#10004 PASS</b></font></strong>]]>
            </line>
            <line>
              <![CDATA[===>User Home Page is Appeared with the Welcome Message</br>]]>
            </line>
            <line>
              <![CDATA[<br><strong>Step :8 Click on I Uer Logo </br></strong></br>]]>
            </line>
            <line>
              <![CDATA[<br><strong>Step :9 Click on Logout option </br></strong></br>]]>
            </line>
            <line>
              <![CDATA[<br><strong>Step :10 Mouse Over to Mobility in Home Page </br></strong></br>]]>
            </line>
            <line>
              <![CDATA[<br><strong>Step :11 Click on Geri_Chairs under Mobility </br></strong></br>]]>
            </line>
            <line>
              <![CDATA[<br><strong>Step :12 Click on Add to Cart Button </br></strong></br>]]>
            </line>
            <line>
              <![CDATA[<br><strong>Step :13 Click on My Cart Option </br></strong></br>]]>
            </line>
            <line>
              <![CDATA[<strong> <h3 style="color:Blue">  Verify that the Product which has been Selected is showing under My Cart Option</h3> </strong>]]>
            </line>
            <line>
              <![CDATA[<br><strong>Item Selected in the Page Matches Item in the Cart : Double Sided Security Bed Rails 18"X20"</strong></br>]]>
            </line>
            <line>
              <![CDATA[Converting String to Int of Original Price : 132.28]]>
            </line>
            <line>
              <![CDATA[<br><strong>=========>Converting Double to Integer<=======</strong></br>]]>
            </line>
            <line>
              <![CDATA[<br><strong>Item Selected in the Page : Double Sided Security Bed Rails 18"X20"</strong></br>]]>
            </line>
            <line>
              <![CDATA[Converting String to Int of Original Price : 132.28]]>
            </line>
            <line>
              <![CDATA[<strong> <h3 style="color:Blue"> Comparing the two Items</h3> </strong>]]>
            </line>
            <line>
              <![CDATA[<br><strong>Item Selected and Item in My Cart Matches</strong></br>]]>
            </line>
            <line>
              <![CDATA[<br></br> <Strong><font color=#008000><b> &#10004 PASS</b></font></strong>]]>
            </line>
            <line>
              <![CDATA[<strong> <h3 style="color:Blue"> Price Comparing</h3> </strong>]]>
            </line>
            <line>
              <![CDATA[<br><strong>Item Selected and Item in My Cart Price Matches</strong></br>]]>
            </line>
            <line>
              <![CDATA[<br></br> <Strong><font color=#008000><b> &#10004 PASS</b></font></strong>]]>
            </line>
            <line>
              <![CDATA[===>Product and Price Verified in My Cart</br>]]>
            </line>
            <line>
              <![CDATA[<strong> <h3 style="color:Blue"> Item Quantity Verified</h3> </strong>]]>
            </line>
            <line>
              <![CDATA[<br><strong>Total Quantity of Product is Displayed : 1</strong></br>]]>
            </line>
            <line>
              <![CDATA[<br></br> <Strong><font color=#008000><b> &#10004 PASS</b></font></strong>]]>
            </line>
            <line>
              <![CDATA[===>Product Item is Same as Selected</br>]]>
            </line>
            <line>
              <![CDATA[<br><strong>Step :14 Click on CheckOut Option under My Cart</br></strong></br>]]>
            </line>
            <line>
              <![CDATA[<strong> <h3 style="color:#FFA500"> Filling the Shipping Information of the Customer</br></h3> </strong>]]>
            </line>
            <line>
              <![CDATA[<br><strong>Step :15 Type the Shipping Address where the Customer want to Send his Order </br></strong></br>]]>
            </line>
            <line>
              <![CDATA[Enter Email Id of Customer====>: prashantp+9437744@accorin.com</br>]]>
            </line>
            <line>
              <![CDATA[Enter Email Id of Customer====>: baps@200</br>]]>
            </line>
            <line>
              <![CDATA[Click on Login Button After entering email id and password</br>]]>
            </line>
            <line>
              <![CDATA[Enter Company Name====>: testCompany</br>]]>
            </line>
            <line>
              <![CDATA[Enter Street Address====>: 360 Vetarans Parkway, Suite 115</br>]]>
            </line>
            <line>
              <![CDATA[Enter City name====>:Bolingbrook</br>]]>
            </line>
            <line>
              <![CDATA[Select the State from the Drop Down :==> Illinois </br>]]>
            </line>
            <line>
              <![CDATA[Enter the Pin Code of the State: 60440</br>]]>
            </line>
            <line>
              <![CDATA[Select the Country from the Drop Down :==> United States </br>]]>
            </line>
            <line>
              <![CDATA[<br><strong>Step :16 Address_Validation_PopUp </br></strong></br>]]>
            </line>
            <line>
              <![CDATA[Enter the Phone Number of Customer: 123456789</br>]]>
            </line>
            <line>
              <![CDATA[<strong> <h3 style="color:Blue"> Address Validation PopUp</br></h3> </strong>]]>
            </line>
            <line>
              <![CDATA[<br><strong>Clicked on : origin_address</strong></br>]]>
            </line>
            <line>
              <![CDATA[<br><strong>Click on Continue Button</strong></br>]]>
            </line>
            <line>
              <![CDATA[<br><strong>Address Pop Up Is Displayed</strong></br>]]>
            </line>
            <line>
              <![CDATA[Click on Address Validation Pop Up Window</br>]]>
            </line>
            <line>
              <![CDATA[<br><strong>Step :17 Select Shipping Customer </br></strong></br>]]>
            </line>
            <line>
              <![CDATA[Click on Ground Standard under Choose a Shipping Option</br></br>]]>
            </line>
            <line>
              <![CDATA[After Filling all the detail Click on Next Button</br></br>]]>
            </line>
            <line>
              <![CDATA[<strong> <h3 style="color:#FF0000"> Select the PayPal Payment Mode and Enter Valid Credentials</br></h3> </strong>]]>
            </line>
            <line>
              <![CDATA[<br><strong>Step :18 Select Valid Credentials in PayPal </br></strong></br>]]>
            </line>
            <line>
              <![CDATA[Click on Pay Pal Radio Button</br>]]>
            </line>
            <line>
              <![CDATA[Click on continue to paypal option</br>]]>
            </line>
            <line>
              <![CDATA[Login Button Found And Clicked]]>
            </line>
            <line>
              <![CDATA[Enter the Valid Paypal email id===> 31julymm@mailinator.com</br>]]>
            </line>
            <line>
              <![CDATA[Enter the Valid Paypal Password===>Baps@123</br>]]>
            </line>
            <line>
              <![CDATA[After entering Valid Email ID and Password Click on Login Button]]>
            </line>
            <line>
              <![CDATA[Click on Continue Button]]>
            </line>
            <line>
              <![CDATA[<br><strong>Show the Payment Method===>PayPal Express Checkout</strong></br>]]>
            </line>
            <line>
              <![CDATA[===>Item is Placed and Payment is made through PayPal</br>]]>
            </line>
            <line>
              <![CDATA[<strong> <h3 style="color:Blue"> Verify that Order has been Confirmed and A message has been Displayed</h3> </strong>]]>
            </line>
            <line>
              <![CDATA[<br><strong>Confirmation Message is Displayed :YOUR ORDER HAS BEEN PLACED</strong></br>]]>
            </line>
            <line>
              <![CDATA[<br></br> <Strong><font color=#008000><b> &#10004 PASS</b></font></strong>]]>
            </line>
            <line>
              <![CDATA[<br><strong>Email Confirmation has Been Sent :An email confirmation is on its way to prashantp+9437744@accorin.com</strong></br>]]>
            </line>
            <line>
              <![CDATA[<br></br> <Strong><font color=#008000><b> &#10004 PASS</b></font></strong>]]>
            </line>
            <line>
              <![CDATA[<br><strong>Order Number is Displayed :Order #4000001305</strong></br>]]>
            </line>
            <line>
              <![CDATA[<br></br> <Strong><font color=#008000><b> &#10004 PASS</b></font></strong>]]>
            </line>
            <line>
              <![CDATA[===>Item is Placed and Shown in the Place</br>]]>
            </line>
            <line>
              <![CDATA[<strong> <h3 style="color:#FFA500"> Open Account Payment Method</h3> </strong>]]>
            </line>
            <line>
              <![CDATA[<strong> <h3 style="color:Blue"> Step 19 : Open URL is: https://promed-dev-scripco-refapp.accorin.us/</a></h3> </strong>]]>
            </line>
            <line>
              <![CDATA[<br><strong>To Verify that Home Page is Displayed</br></strong></br>]]>
            </line>
            <line>
              <![CDATA[<br><strong>Step :20 Open the Application</br></strong></br>]]>
            </line>
            <line>
              <![CDATA[<strong> <h3 style="color:Blue"> Welcome Msg is Displayed ====>: WELCOME TO OUR NEW SITE</h3> </strong>]]>
            </line>
            <line>
              <![CDATA[<br></br> <Strong><font color=#008000><b> &#10004 PASS</b></font></strong>]]>
            </line>
            <line>
              <![CDATA[===>Home page is opened and Logo is Matched</br>]]>
            </line>
            <line>
              <![CDATA[<br><strong>Step :21 Click on I User Logo </br></strong></br>]]>
            </line>
            <line>
              <![CDATA[<br><strong>Step :22 Click on Logout option </br></strong></br>]]>
            </line>
            <line>
              <![CDATA[<br><strong>Step :23 Click on I User Logo </br></strong></br>]]>
            </line>
            <line>
              <![CDATA[<br><strong>Step :24 Click on Login button under I user Icon</br></strong></br>]]>
            </line>
            <line>
              <![CDATA[<strong> <h3 style="color:#FFA500"> Open Account Validation</h3> </strong>]]>
            </line>
            <line>
              <![CDATA[User should be redirected to Login Page and asked for Username and Password]]>
            </line>
            <line>
              <![CDATA[<br><strong>Step :25 User will be redirected to customer Login page</br></strong></br>]]>
            </line>
            <line>
              <![CDATA[Enter the UserName=====>prashantp@accorin.com</br>]]>
            </line>
            <line>
              <![CDATA[Enter the Password=====>baps@200</br>]]>
            </line>
            <line>
              <![CDATA[Click on Sign In Button]]>
            </line>
            <line>
              <![CDATA[<br><strong>Step :26 Click on Pro Med Express Logo</br></strong></br>]]>
            </line>
            <line>
              <![CDATA[<br><strong>Step :27 Mouse Over to Mobility in Home Page </br></br></strong></br>]]>
            </line>
            <line>
              <![CDATA[<strong> <h3 style="color:#FFA500"> Credit Card Validation</h3> </strong>]]>
            </line>
            <line>
              <![CDATA[<br><strong>Step :28 Click on Positioning under Orthopedic </br></strong></br>]]>
            </line>
            <line>
              <![CDATA[<br><strong>===============>Orthopedic option will Appear under Positioning</br></strong></br>]]>
            </line>
            <line>
              <![CDATA[<br><strong>Step :29 Click on Add to Cart Button </br></strong></br>]]>
            </line>
            <line>
              <![CDATA[<br><strong>===============>Product will be added to cart</br></strong></br>]]>
            </line>
            <line>
              <![CDATA[Product Selected====>Add to Cart</br>]]>
            </line>
            <line>
              <![CDATA[<br><strong>Step :30 Click on My Cart Option </br></strong></br>]]>
            </line>
            <line>
              <![CDATA[<br><strong>===============>User should see the Product Under My Cart</br></strong></br>]]>
            </line>
            <line>
              <![CDATA[<br><strong>Step :31 Click on CheckOut Option under My Cart </br></strong></br>]]>
            </line>
            <line>
              <![CDATA[<br><strong>===============>User should be Redirected to Shipping Address Page</br></strong></br>]]>
            </line>
            <line>
              <![CDATA[<br><strong>Step :32 Select Shipping Customer </br></strong></br>]]>
            </line>
            <line>
              <![CDATA[<br><strong>===============>User should Select the Shipping Customer</br></strong></br>]]>
            </line>
            <line>
              <![CDATA[<br> <b>Please look to the screenshot - </b>]]>
            </line>
            <line>
              <![CDATA[<br><Strong><font color=#FF0000>--Failed</font></strong>]]>
            </line>
            <line>
              <![CDATA[<a href='../test-output/screenshots/1022175610183ValidatePaymentMethod.png' target='_new'>1022175610183ValidatePaymentMethod.png</a>]]>
            </line>
            <line>
              <![CDATA[<br></br><h3>Failure Reason:</h3>]]>
            </line>
            <line>
              <![CDATA[<br></br>org.openqa.selenium.StaleElementReferenceException: stale element reference: element is not attached to the page document]]>
            </line>
          </reporter-output>
        </test-method> <!-- ValidatePaymentMethod -->
        <test-method status="PASS" signature="tearDown(org.testng.ITestResult)[pri:0, instance:com.index.ValidatePaymentMethod_Index@52525845]" name="tearDown" is-config="true" duration-ms="4215" started-at="2018-10-22T17:56:10Z" finished-at="2018-10-22T17:56:14Z">
          <params>
            <param index="0">
              <value>
                <![CDATA[[TestResult name=ValidatePaymentMethod status=FAILURE method=ValidatePaymentMethod_Index.ValidatePaymentMethod()[pri:1, instance:com.index.ValidatePaymentMethod_Index@52525845] output=<strong> <h3 style="color:#FFA500"> Test Scenario 11: Validate Payment Method[Credit Card, Paypal & Open Account]</h3> </strong>]]]>
              </value>
            </param>
          </params>
          <reporter-output>
          </reporter-output>
        </test-method> <!-- tearDown -->
      </class> <!-- com.index.ValidatePaymentMethod_Index -->
    </test> <!-- TC_11: Validate Payment Method   -->
  </suite> <!-- Promedxpress -->
</testng-results>
